
*** Running vivado
    with args -log top.vdi -applog -m64 -product Vivado -messageDb vivado.pb -mode batch -source top.tcl -notrace



****** Vivado v2020.2 (64-bit)
  **** SW Build 3064766 on Wed Nov 18 09:12:45 MST 2020
  **** IP Build 3064653 on Wed Nov 18 14:17:31 MST 2020
    ** Copyright 1986-2020 Xilinx, Inc. All Rights Reserved.

source top.tcl -notrace
Command: link_design -top top -part xc7a35tftg256-1
Design is defaulting to srcset: sources_1
Design is defaulting to constrset: constrs_1
INFO: [Device 21-403] Loading part xc7a35tftg256-1
INFO: [Project 1-454] Reading design checkpoint 'c:/Users/mithi/RISV/RISV.gen/sources_1/ip/Dividers/Dividers.dcp' for cell 'cpu/alu/div/dividers'
INFO: [Project 1-454] Reading design checkpoint 'c:/Users/mithi/RISV/RISV.gen/sources_1/ip/Divideru/Divideru.dcp' for cell 'cpu/alu/div/divideru'
INFO: [Project 1-454] Reading design checkpoint 'c:/Users/mithi/RISV/RISV.gen/sources_1/ip/signed_mul/signed_mul.dcp' for cell 'cpu/alu/mul/ss_mul'
INFO: [Project 1-454] Reading design checkpoint 'c:/Users/mithi/RISV/RISV.gen/sources_1/ip/signed_mulh/signed_mulh.dcp' for cell 'cpu/alu/mul/ss_mulh'
INFO: [Project 1-454] Reading design checkpoint 'c:/Users/mithi/RISV/RISV.gen/sources_1/ip/signed_unsigned_mulh/signed_unsigned_mulh.dcp' for cell 'cpu/alu/mul/su_mul'
INFO: [Project 1-454] Reading design checkpoint 'c:/Users/mithi/RISV/RISV.gen/sources_1/ip/unsigned_mulh/unsigned_mulh.dcp' for cell 'cpu/alu/mul/uu_mul'
INFO: [Project 1-454] Reading design checkpoint 'c:/Users/mithi/RISV/RISV.gen/sources_1/ip/fpd_add/fpd_add.dcp' for cell 'dfpu/fpadd'
INFO: [Project 1-454] Reading design checkpoint 'c:/Users/mithi/RISV/RISV.gen/sources_1/ip/fpd_cmp/fpd_cmp.dcp' for cell 'dfpu/fpcmp'
INFO: [Project 1-454] Reading design checkpoint 'c:/Users/mithi/RISV/RISV.gen/sources_1/ip/fpd_div/fpd_div.dcp' for cell 'dfpu/fpdiv'
INFO: [Project 1-454] Reading design checkpoint 'c:/Users/mithi/RISV/RISV.gen/sources_1/ip/fpd_mul/fpd_mul.dcp' for cell 'dfpu/fpmul'
INFO: [Project 1-454] Reading design checkpoint 'c:/Users/mithi/RISV/RISV.gen/sources_1/ip/DRAM/DRAM.dcp' for cell 'dmem/ram'
INFO: [Project 1-454] Reading design checkpoint 'c:/Users/mithi/RISV/RISV.gen/sources_1/ip/FIFO_FWFT/FIFO_FWFT.dcp' for cell 'uart/rx_fifo'
INFO: [Project 1-454] Reading design checkpoint 'c:/Users/mithi/RISV/RISV.gen/sources_1/ip/FIFO/FIFO.dcp' for cell 'uart/tx_fifo'
Netlist sorting complete. Time (s): cpu = 00:00:01 ; elapsed = 00:00:00.526 . Memory (MB): peak = 1005.465 ; gain = 0.000
INFO: [Netlist 29-17] Analyzing 815 Unisim elements for replacement
INFO: [Netlist 29-28] Unisim Transformation completed in 0 CPU seconds
INFO: [Project 1-479] Netlist was created with Vivado 2020.2
INFO: [Project 1-570] Preparing netlist for logic optimization
Parsing XDC File [c:/Users/mithi/RISV/RISV.gen/sources_1/ip/FIFO/FIFO.xdc] for cell 'uart/tx_fifo/U0'
Finished Parsing XDC File [c:/Users/mithi/RISV/RISV.gen/sources_1/ip/FIFO/FIFO.xdc] for cell 'uart/tx_fifo/U0'
Parsing XDC File [c:/Users/mithi/RISV/RISV.gen/sources_1/ip/FIFO_FWFT/FIFO_FWFT.xdc] for cell 'uart/rx_fifo/U0'
Finished Parsing XDC File [c:/Users/mithi/RISV/RISV.gen/sources_1/ip/FIFO_FWFT/FIFO_FWFT.xdc] for cell 'uart/rx_fifo/U0'
Parsing XDC File [C:/Users/mithi/RISV/RISV.srcs/constrs_1/new/constr.xdc]
Finished Parsing XDC File [C:/Users/mithi/RISV/RISV.srcs/constrs_1/new/constr.xdc]
INFO: [Opt 31-138] Pushed 1 inverter(s) to 32 load pin(s).
Netlist sorting complete. Time (s): cpu = 00:00:00 ; elapsed = 00:00:00.011 . Memory (MB): peak = 1005.465 ; gain = 0.000
INFO: [Project 1-111] Unisim Transformation Summary:
No Unisim elements were transformed.

20 Infos, 0 Warnings, 0 Critical Warnings and 0 Errors encountered.
link_design completed successfully
link_design: Time (s): cpu = 00:00:16 ; elapsed = 00:00:19 . Memory (MB): peak = 1005.465 ; gain = 0.000
Command: opt_design
Attempting to get a license for feature 'Implementation' and/or device 'xc7a35t'
INFO: [Common 17-349] Got license for feature 'Implementation' and/or device 'xc7a35t'
Running DRC as a precondition to command opt_design

Starting DRC Task
INFO: [DRC 23-27] Running DRC with 2 threads
INFO: [Project 1-461] DRC finished with 0 Errors
INFO: [Project 1-462] Please refer to the DRC report (report_drc) for more information.

Time (s): cpu = 00:00:03 ; elapsed = 00:00:02 . Memory (MB): peak = 1005.465 ; gain = 0.000

Starting Cache Timing Information Task
INFO: [Timing 38-35] Done setting XDC timing constraints.
Ending Cache Timing Information Task | Checksum: e77a13c5

Time (s): cpu = 00:00:12 ; elapsed = 00:00:14 . Memory (MB): peak = 1369.188 ; gain = 363.723

Starting Logic Optimization Task

Phase 1 Retarget
INFO: [Opt 31-138] Pushed 2 inverter(s) to 4 load pin(s).
INFO: [Opt 31-49] Retargeted 0 cell(s).
Phase 1 Retarget | Checksum: 1c1ec6b78

Time (s): cpu = 00:00:02 ; elapsed = 00:00:02 . Memory (MB): peak = 1581.344 ; gain = 0.000
INFO: [Opt 31-389] Phase Retarget created 9 cells and removed 44 cells

Phase 2 Constant propagation
INFO: [Opt 31-138] Pushed 0 inverter(s) to 0 load pin(s).
Phase 2 Constant propagation | Checksum: 18adde50f

Time (s): cpu = 00:00:02 ; elapsed = 00:00:02 . Memory (MB): peak = 1581.344 ; gain = 0.000
INFO: [Opt 31-389] Phase Constant propagation created 28 cells and removed 96 cells

Phase 3 Sweep
Phase 3 Sweep | Checksum: 12aa29bdb

Time (s): cpu = 00:00:02 ; elapsed = 00:00:02 . Memory (MB): peak = 1581.344 ; gain = 0.000
INFO: [Opt 31-389] Phase Sweep created 0 cells and removed 385 cells

Phase 4 BUFG optimization
Phase 4 BUFG optimization | Checksum: 12aa29bdb

Time (s): cpu = 00:00:02 ; elapsed = 00:00:03 . Memory (MB): peak = 1581.344 ; gain = 0.000
INFO: [Opt 31-662] Phase BUFG optimization created 0 cells of which 0 are BUFGs and removed 0 cells.

Phase 5 Shift Register Optimization
INFO: [Opt 31-1064] SRL Remap converted 0 SRLs to 0 registers and converted 0 registers of register chains to 0 SRLs
Phase 5 Shift Register Optimization | Checksum: 12aa29bdb

Time (s): cpu = 00:00:02 ; elapsed = 00:00:03 . Memory (MB): peak = 1581.344 ; gain = 0.000
INFO: [Opt 31-389] Phase Shift Register Optimization created 0 cells and removed 0 cells

Phase 6 Post Processing Netlist
Phase 6 Post Processing Netlist | Checksum: 1a3a51a98

Time (s): cpu = 00:00:03 ; elapsed = 00:00:03 . Memory (MB): peak = 1581.344 ; gain = 0.000
INFO: [Opt 31-389] Phase Post Processing Netlist created 0 cells and removed 1 cells
Opt_design Change Summary
=========================


-------------------------------------------------------------------------------------------------------------------------
|  Phase                        |  #Cells created  |  #Cells Removed  |  #Constrained objects preventing optimizations  |
-------------------------------------------------------------------------------------------------------------------------
|  Retarget                     |               9  |              44  |                                              0  |
|  Constant propagation         |              28  |              96  |                                              0  |
|  Sweep                        |               0  |             385  |                                              0  |
|  BUFG optimization            |               0  |               0  |                                              0  |
|  Shift Register Optimization  |               0  |               0  |                                              0  |
|  Post Processing Netlist      |               0  |               1  |                                              0  |
-------------------------------------------------------------------------------------------------------------------------



Starting Connectivity Check Task

Time (s): cpu = 00:00:00 ; elapsed = 00:00:00.025 . Memory (MB): peak = 1581.344 ; gain = 0.000
Ending Logic Optimization Task | Checksum: 1940e35dc

Time (s): cpu = 00:00:03 ; elapsed = 00:00:03 . Memory (MB): peak = 1581.344 ; gain = 0.000

Starting Power Optimization Task
INFO: [Pwropt 34-132] Skipping clock gating for clocks with a period < 2.00 ns.
INFO: [Timing 38-35] Done setting XDC timing constraints.
INFO: [Pwropt 34-9] Applying IDT optimizations ...
INFO: [Pwropt 34-10] Applying ODC optimizations ...
Running Vector-less Activity Propagation...

Finished Running Vector-less Activity Propagation


Starting PowerOpt Patch Enables Task
INFO: [Pwropt 34-162] WRITE_MODE attribute of 0 BRAM(s) out of a total of 24 has been updated to save power. Run report_power_opt to get a complete listing of the BRAMs updated.
INFO: [Pwropt 34-201] Structural ODC has moved 0 WE to EN ports
Number of BRAM Ports augmented: 0 newly gated: 0 Total Ports: 48
Ending PowerOpt Patch Enables Task | Checksum: 1940e35dc

Time (s): cpu = 00:00:00 ; elapsed = 00:00:00.202 . Memory (MB): peak = 1702.586 ; gain = 0.000
Ending Power Optimization Task | Checksum: 1940e35dc

Time (s): cpu = 00:00:08 ; elapsed = 00:00:06 . Memory (MB): peak = 1702.586 ; gain = 121.242

Starting Final Cleanup Task
Ending Final Cleanup Task | Checksum: 1940e35dc

Time (s): cpu = 00:00:00 ; elapsed = 00:00:00.001 . Memory (MB): peak = 1702.586 ; gain = 0.000

Starting Netlist Obfuscation Task
Netlist sorting complete. Time (s): cpu = 00:00:00 ; elapsed = 00:00:00.008 . Memory (MB): peak = 1702.586 ; gain = 0.000
Ending Netlist Obfuscation Task | Checksum: 1940e35dc

Time (s): cpu = 00:00:00 ; elapsed = 00:00:00.008 . Memory (MB): peak = 1702.586 ; gain = 0.000
INFO: [Common 17-83] Releasing license: Implementation
42 Infos, 0 Warnings, 0 Critical Warnings and 0 Errors encountered.
opt_design completed successfully
opt_design: Time (s): cpu = 00:00:29 ; elapsed = 00:00:28 . Memory (MB): peak = 1702.586 ; gain = 697.121
INFO: [Timing 38-35] Done setting XDC timing constraints.
INFO: [Timing 38-480] Writing timing data to binary archive.
Writing placer database...
Writing XDEF routing.
Writing XDEF routing logical nets.
Writing XDEF routing special nets.
Write XDEF Complete: Time (s): cpu = 00:00:00 ; elapsed = 00:00:00.060 . Memory (MB): peak = 1702.586 ; gain = 0.000
INFO: [Common 17-1381] The checkpoint 'C:/Users/mithi/RISV/RISV.runs/impl_1/top_opt.dcp' has been generated.
INFO: [runtcl-4] Executing : report_drc -file top_drc_opted.rpt -pb top_drc_opted.pb -rpx top_drc_opted.rpx
Command: report_drc -file top_drc_opted.rpt -pb top_drc_opted.pb -rpx top_drc_opted.rpx
INFO: [IP_Flow 19-1839] IP Catalog is up to date.
INFO: [DRC 23-27] Running DRC with 2 threads
INFO: [Coretcl 2-168] The results of DRC are in file C:/Users/mithi/RISV/RISV.runs/impl_1/top_drc_opted.rpt.
report_drc completed successfully
report_drc: Time (s): cpu = 00:00:07 ; elapsed = 00:00:05 . Memory (MB): peak = 1702.586 ; gain = 0.000
Command: place_design
Attempting to get a license for feature 'Implementation' and/or device 'xc7a35t'
INFO: [Common 17-349] Got license for feature 'Implementation' and/or device 'xc7a35t'
INFO: [DRC 23-27] Running DRC with 2 threads
INFO: [Vivado_Tcl 4-198] DRC finished with 0 Errors
INFO: [Vivado_Tcl 4-199] Please refer to the DRC report (report_drc) for more information.
Running DRC as a precondition to command place_design
INFO: [DRC 23-27] Running DRC with 2 threads
INFO: [Vivado_Tcl 4-198] DRC finished with 0 Errors
INFO: [Vivado_Tcl 4-199] Please refer to the DRC report (report_drc) for more information.

Starting Placer Task
INFO: [Place 30-611] Multithreading enabled for place_design using a maximum of 2 CPUs

Phase 1 Placer Initialization

Phase 1.1 Placer Initialization Netlist Sorting
Netlist sorting complete. Time (s): cpu = 00:00:00 ; elapsed = 00:00:00.009 . Memory (MB): peak = 1702.586 ; gain = 0.000
Phase 1.1 Placer Initialization Netlist Sorting | Checksum: 14bbf9283

Time (s): cpu = 00:00:00 ; elapsed = 00:00:00.074 . Memory (MB): peak = 1702.586 ; gain = 0.000
Netlist sorting complete. Time (s): cpu = 00:00:00 ; elapsed = 00:00:00.007 . Memory (MB): peak = 1702.586 ; gain = 0.000

Phase 1.2 IO Placement/ Clock Placement/ Build Placer Device
Phase 1.2 IO Placement/ Clock Placement/ Build Placer Device | Checksum: 7c052298

Time (s): cpu = 00:00:01 ; elapsed = 00:00:02 . Memory (MB): peak = 1702.586 ; gain = 0.000

Phase 1.3 Build Placer Netlist Model
Phase 1.3 Build Placer Netlist Model | Checksum: afdb452a

Time (s): cpu = 00:00:06 ; elapsed = 00:00:05 . Memory (MB): peak = 1702.586 ; gain = 0.000

Phase 1.4 Constrain Clocks/Macros
Phase 1.4 Constrain Clocks/Macros | Checksum: afdb452a

Time (s): cpu = 00:00:06 ; elapsed = 00:00:05 . Memory (MB): peak = 1702.586 ; gain = 0.000
Phase 1 Placer Initialization | Checksum: afdb452a

Time (s): cpu = 00:00:06 ; elapsed = 00:00:06 . Memory (MB): peak = 1702.586 ; gain = 0.000

Phase 2 Global Placement

Phase 2.1 Floorplanning
Phase 2.1 Floorplanning | Checksum: ba365f9e

Time (s): cpu = 00:00:07 ; elapsed = 00:00:06 . Memory (MB): peak = 1702.586 ; gain = 0.000

Phase 2.2 Update Timing before SLR Path Opt
Phase 2.2 Update Timing before SLR Path Opt | Checksum: 1193e5d46

Time (s): cpu = 00:00:08 ; elapsed = 00:00:07 . Memory (MB): peak = 1702.586 ; gain = 0.000

Phase 2.3 Global Placement Core

Phase 2.3.1 Physical Synthesis In Placer
INFO: [Physopt 32-1035] Found 3 LUTNM shape to break, 255 LUT instances to create LUTNM shape
INFO: [Physopt 32-1044] Break lutnm for timing: one critical 3, two critical 0, total 3, new lutff created 0
INFO: [Physopt 32-775] End 1 Pass. Optimized 90 nets or cells. Created 3 new cells, deleted 87 existing cells and moved 0 existing cell
INFO: [Physopt 32-65] No nets found for high-fanout optimization.
INFO: [Physopt 32-232] Optimized 0 net. Created 0 new instance.
INFO: [Physopt 32-775] End 1 Pass. Optimized 0 net or cell. Created 0 new cell, deleted 0 existing cell and moved 0 existing cell
INFO: [Physopt 32-117] Net cpu/MDATA[23] could not be optimized because driver cpu/ram_i_15 could not be replicated
INFO: [Physopt 32-117] Net cpu/MDATA[31] could not be optimized because driver cpu/ram_i_7 could not be replicated
INFO: [Physopt 32-117] Net cpu/MDATA[15] could not be optimized because driver cpu/ram_i_23 could not be replicated
INFO: [Physopt 32-117] Net cpu/MDATA[24] could not be optimized because driver cpu/ram_i_14 could not be replicated
INFO: [Physopt 32-117] Net cpu/MDATA[28] could not be optimized because driver cpu/ram_i_10 could not be replicated
INFO: [Physopt 32-117] Net cpu/MDATA[7] could not be optimized because driver cpu/ram_i_31 could not be replicated
INFO: [Physopt 32-117] Net cpu/MDATA[11] could not be optimized because driver cpu/ram_i_27 could not be replicated
INFO: [Physopt 32-68] No nets found for critical-cell optimization.
INFO: [Physopt 32-232] Optimized 0 net. Created 0 new instance.
INFO: [Physopt 32-775] End 1 Pass. Optimized 0 net or cell. Created 0 new cell, deleted 0 existing cell and moved 0 existing cell
INFO: [Physopt 32-456] No candidate cells for DSP register optimization found in the design.
INFO: [Physopt 32-775] End 2 Pass. Optimized 0 net or cell. Created 0 new cell, deleted 0 existing cell and moved 0 existing cell
INFO: [Physopt 32-1123] No candidate cells found for Shift Register to Pipeline optimization
INFO: [Physopt 32-775] End 1 Pass. Optimized 0 net or cell. Created 0 new cell, deleted 0 existing cell and moved 0 existing cell
INFO: [Physopt 32-677] No candidate cells for Shift Register optimization found in the design
INFO: [Physopt 32-775] End 1 Pass. Optimized 0 net or cell. Created 0 new cell, deleted 0 existing cell and moved 0 existing cell
INFO: [Physopt 32-526] No candidate cells for BRAM register optimization found in the design
INFO: [Physopt 32-775] End 1 Pass. Optimized 0 net or cell. Created 0 new cell, deleted 0 existing cell and moved 0 existing cell
INFO: [Physopt 32-846] No candidate cells for URAM register optimization found in the design
INFO: [Physopt 32-775] End 2 Pass. Optimized 0 net or cell. Created 0 new cell, deleted 0 existing cell and moved 0 existing cell
INFO: [Physopt 32-949] No candidate nets found for dynamic/static region interface net replication
INFO: [Physopt 32-775] End 1 Pass. Optimized 0 net or cell. Created 0 new cell, deleted 0 existing cell and moved 0 existing cell
Netlist sorting complete. Time (s): cpu = 00:00:00 ; elapsed = 00:00:00.007 . Memory (MB): peak = 1702.586 ; gain = 0.000

Summary of Physical Synthesis Optimizations
============================================


-----------------------------------------------------------------------------------------------------------------------------------------------------------
|  Optimization                                     |  Added Cells  |  Removed Cells  |  Optimized Cells/Nets  |  Dont Touch  |  Iterations  |  Elapsed   |
-----------------------------------------------------------------------------------------------------------------------------------------------------------
|  LUT Combining                                    |            3  |             87  |                    90  |           0  |           1  |  00:00:01  |
|  Very High Fanout                                 |            0  |              0  |                     0  |           0  |           1  |  00:00:00  |
|  Critical Cell                                    |            0  |              0  |                     0  |           0  |           1  |  00:00:00  |
|  DSP Register                                     |            0  |              0  |                     0  |           0  |           1  |  00:00:00  |
|  Shift Register to Pipeline                       |            0  |              0  |                     0  |           0  |           1  |  00:00:00  |
|  Shift Register                                   |            0  |              0  |                     0  |           0  |           1  |  00:00:00  |
|  BRAM Register                                    |            0  |              0  |                     0  |           0  |           1  |  00:00:00  |
|  URAM Register                                    |            0  |              0  |                     0  |           0  |           1  |  00:00:00  |
|  Dynamic/Static Region Interface Net Replication  |            0  |              0  |                     0  |           0  |           1  |  00:00:00  |
|  Total                                            |            3  |             87  |                    90  |           0  |           9  |  00:00:01  |
-----------------------------------------------------------------------------------------------------------------------------------------------------------


Phase 2.3.1 Physical Synthesis In Placer | Checksum: 211e9a4ca

Time (s): cpu = 00:00:24 ; elapsed = 00:00:17 . Memory (MB): peak = 1702.586 ; gain = 0.000
Phase 2.3 Global Placement Core | Checksum: 1603fe458

Time (s): cpu = 00:00:25 ; elapsed = 00:00:18 . Memory (MB): peak = 1702.586 ; gain = 0.000
Phase 2 Global Placement | Checksum: 1603fe458

Time (s): cpu = 00:00:25 ; elapsed = 00:00:18 . Memory (MB): peak = 1702.586 ; gain = 0.000

Phase 3 Detail Placement

Phase 3.1 Commit Multi Column Macros
Phase 3.1 Commit Multi Column Macros | Checksum: 2001edfe4

Time (s): cpu = 00:00:26 ; elapsed = 00:00:19 . Memory (MB): peak = 1702.586 ; gain = 0.000

Phase 3.2 Commit Most Macros & LUTRAMs
Phase 3.2 Commit Most Macros & LUTRAMs | Checksum: 1d3ca8bd7

Time (s): cpu = 00:00:29 ; elapsed = 00:00:20 . Memory (MB): peak = 1702.586 ; gain = 0.000

Phase 3.3 Area Swap Optimization
Phase 3.3 Area Swap Optimization | Checksum: ffdf87b7

Time (s): cpu = 00:00:29 ; elapsed = 00:00:20 . Memory (MB): peak = 1702.586 ; gain = 0.000

Phase 3.4 Pipeline Register Optimization
Phase 3.4 Pipeline Register Optimization | Checksum: 17f6397cf

Time (s): cpu = 00:00:29 ; elapsed = 00:00:20 . Memory (MB): peak = 1702.586 ; gain = 0.000

Phase 3.5 Fast Optimization
Phase 3.5 Fast Optimization | Checksum: 1a91859c1

Time (s): cpu = 00:00:32 ; elapsed = 00:00:23 . Memory (MB): peak = 1702.586 ; gain = 0.000

Phase 3.6 Small Shape Detail Placement
Phase 3.6 Small Shape Detail Placement | Checksum: 2571efece

Time (s): cpu = 00:00:37 ; elapsed = 00:00:28 . Memory (MB): peak = 1702.586 ; gain = 0.000

Phase 3.7 Re-assign LUT pins
Phase 3.7 Re-assign LUT pins | Checksum: 19e7b6f29

Time (s): cpu = 00:00:38 ; elapsed = 00:00:29 . Memory (MB): peak = 1702.586 ; gain = 0.000

Phase 3.8 Pipeline Register Optimization
Phase 3.8 Pipeline Register Optimization | Checksum: 1bcbd9007

Time (s): cpu = 00:00:38 ; elapsed = 00:00:29 . Memory (MB): peak = 1702.586 ; gain = 0.000

Phase 3.9 Fast Optimization
Phase 3.9 Fast Optimization | Checksum: 1b64b880d

Time (s): cpu = 00:00:44 ; elapsed = 00:00:33 . Memory (MB): peak = 1702.586 ; gain = 0.000
Phase 3 Detail Placement | Checksum: 1b64b880d

Time (s): cpu = 00:00:44 ; elapsed = 00:00:33 . Memory (MB): peak = 1702.586 ; gain = 0.000

Phase 4 Post Placement Optimization and Clean-Up

Phase 4.1 Post Commit Optimization
INFO: [Timing 38-35] Done setting XDC timing constraints.

Phase 4.1.1 Post Placement Optimization
Post Placement Optimization Initialization | Checksum: 13187ef89

Phase 4.1.1.1 BUFG Insertion

Starting Physical Synthesis Task

Phase 1 Physical Synthesis Initialization
INFO: [Physopt 32-721] Multithreading enabled for phys_opt_design using a maximum of 2 CPUs
INFO: [Physopt 32-619] Estimated Timing Summary | WNS=-0.552 | TNS=-5.465 |
Phase 1 Physical Synthesis Initialization | Checksum: f6aa6e6f

Time (s): cpu = 00:00:00 ; elapsed = 00:00:00.512 . Memory (MB): peak = 1702.586 ; gain = 0.000
INFO: [Place 46-33] Processed net cpu/regs/SR[0], BUFG insertion was skipped due to placement/routing conflicts.
INFO: [Place 46-56] BUFG insertion identified 1 candidate nets. Inserted BUFG: 0, Replicated BUFG Driver: 0, Skipped due to Placement/Routing Conflicts: 1, Skipped due to Timing Degradation: 0, Skipped due to Illegal Netlist: 0.
Ending Physical Synthesis Task | Checksum: 164212f70

Time (s): cpu = 00:00:01 ; elapsed = 00:00:00.830 . Memory (MB): peak = 1702.586 ; gain = 0.000
Phase 4.1.1.1 BUFG Insertion | Checksum: 13187ef89

Time (s): cpu = 00:00:50 ; elapsed = 00:00:37 . Memory (MB): peak = 1702.586 ; gain = 0.000
INFO: [Place 30-746] Post Placement Timing Summary WNS=0.506. For the most accurate timing information please run report_timing.

Time (s): cpu = 00:00:56 ; elapsed = 00:00:44 . Memory (MB): peak = 1702.586 ; gain = 0.000
Phase 4.1 Post Commit Optimization | Checksum: 1bac68bcc

Time (s): cpu = 00:00:56 ; elapsed = 00:00:44 . Memory (MB): peak = 1702.586 ; gain = 0.000

Phase 4.2 Post Placement Cleanup
Phase 4.2 Post Placement Cleanup | Checksum: 1bac68bcc

Time (s): cpu = 00:00:56 ; elapsed = 00:00:44 . Memory (MB): peak = 1702.586 ; gain = 0.000

Phase 4.3 Placer Reporting

Phase 4.3.1 Print Estimated Congestion
INFO: [Place 30-612] Post-Placement Estimated Congestion 
 ____________________________________________________
|           | Global Congestion | Short Congestion  |
| Direction | Region Size       | Region Size       |
|___________|___________________|___________________|
|      North|                1x1|                4x4|
|___________|___________________|___________________|
|      South|                1x1|                1x1|
|___________|___________________|___________________|
|       East|                1x1|                1x1|
|___________|___________________|___________________|
|       West|                1x1|                1x1|
|___________|___________________|___________________|

Phase 4.3.1 Print Estimated Congestion | Checksum: 1bac68bcc

Time (s): cpu = 00:00:57 ; elapsed = 00:00:45 . Memory (MB): peak = 1702.586 ; gain = 0.000
Phase 4.3 Placer Reporting | Checksum: 1bac68bcc

Time (s): cpu = 00:00:57 ; elapsed = 00:00:45 . Memory (MB): peak = 1702.586 ; gain = 0.000

Phase 4.4 Final Placement Cleanup
Netlist sorting complete. Time (s): cpu = 00:00:00 ; elapsed = 00:00:00.010 . Memory (MB): peak = 1702.586 ; gain = 0.000

Time (s): cpu = 00:00:57 ; elapsed = 00:00:45 . Memory (MB): peak = 1702.586 ; gain = 0.000
Phase 4 Post Placement Optimization and Clean-Up | Checksum: 16a49245e

Time (s): cpu = 00:00:57 ; elapsed = 00:00:45 . Memory (MB): peak = 1702.586 ; gain = 0.000
Ending Placer Task | Checksum: 6a5e304f

Time (s): cpu = 00:00:57 ; elapsed = 00:00:45 . Memory (MB): peak = 1702.586 ; gain = 0.000
INFO: [Common 17-83] Releasing license: Implementation
93 Infos, 0 Warnings, 0 Critical Warnings and 0 Errors encountered.
place_design completed successfully
place_design: Time (s): cpu = 00:01:00 ; elapsed = 00:00:47 . Memory (MB): peak = 1702.586 ; gain = 0.000
INFO: [Timing 38-480] Writing timing data to binary archive.
Writing placer database...
Writing XDEF routing.
Writing XDEF routing logical nets.
Writing XDEF routing special nets.
Write XDEF Complete: Time (s): cpu = 00:00:04 ; elapsed = 00:00:01 . Memory (MB): peak = 1702.586 ; gain = 0.000
INFO: [Common 17-1381] The checkpoint 'C:/Users/mithi/RISV/RISV.runs/impl_1/top_placed.dcp' has been generated.
INFO: [runtcl-4] Executing : report_io -file top_io_placed.rpt
report_io: Time (s): cpu = 00:00:00 ; elapsed = 00:00:00.087 . Memory (MB): peak = 1702.586 ; gain = 0.000
INFO: [runtcl-4] Executing : report_utilization -file top_utilization_placed.rpt -pb top_utilization_placed.pb
INFO: [runtcl-4] Executing : report_control_sets -verbose -file top_control_sets_placed.rpt
report_control_sets: Time (s): cpu = 00:00:00 ; elapsed = 00:00:00.028 . Memory (MB): peak = 1702.586 ; gain = 0.000
Command: phys_opt_design
Attempting to get a license for feature 'Implementation' and/or device 'xc7a35t'
INFO: [Common 17-349] Got license for feature 'Implementation' and/or device 'xc7a35t'
INFO: [Vivado_Tcl 4-383] Design worst setup slack (WNS) is greater than or equal to 0.000 ns. Skipping all physical synthesis optimizations.
INFO: [Vivado_Tcl 4-232] No setup violation found. The netlist was not modified.
INFO: [Common 17-83] Releasing license: Implementation
102 Infos, 0 Warnings, 0 Critical Warnings and 0 Errors encountered.
phys_opt_design completed successfully
INFO: [Timing 38-480] Writing timing data to binary archive.
Writing placer database...
Writing XDEF routing.
Writing XDEF routing logical nets.
Writing XDEF routing special nets.
Write XDEF Complete: Time (s): cpu = 00:00:04 ; elapsed = 00:00:01 . Memory (MB): peak = 1702.586 ; gain = 0.000
INFO: [Common 17-1381] The checkpoint 'C:/Users/mithi/RISV/RISV.runs/impl_1/top_physopt.dcp' has been generated.
Command: route_design
Attempting to get a license for feature 'Implementation' and/or device 'xc7a35t'
INFO: [Common 17-349] Got license for feature 'Implementation' and/or device 'xc7a35t'
Running DRC as a precondition to command route_design
INFO: [DRC 23-27] Running DRC with 2 threads
INFO: [Vivado_Tcl 4-198] DRC finished with 0 Errors
INFO: [Vivado_Tcl 4-199] Please refer to the DRC report (report_drc) for more information.


Starting Routing Task
INFO: [Route 35-254] Multithreading enabled for route_design using a maximum of 2 CPUs
Checksum: PlaceDB: 22353019 ConstDB: 0 ShapeSum: 48290036 RouteDB: 0

Phase 1 Build RT Design
Phase 1 Build RT Design | Checksum: 102fab526

Time (s): cpu = 00:00:26 ; elapsed = 00:00:23 . Memory (MB): peak = 1743.129 ; gain = 40.543
Post Restoration Checksum: NetGraph: 77ed204a NumContArr: 8b0d94dc Constraints: 0 Timing: 0

Phase 2 Router Initialization

Phase 2.1 Create Timer
Phase 2.1 Create Timer | Checksum: 102fab526

Time (s): cpu = 00:00:26 ; elapsed = 00:00:23 . Memory (MB): peak = 1743.133 ; gain = 40.547

Phase 2.2 Fix Topology Constraints
Phase 2.2 Fix Topology Constraints | Checksum: 102fab526

Time (s): cpu = 00:00:26 ; elapsed = 00:00:23 . Memory (MB): peak = 1749.203 ; gain = 46.617

Phase 2.3 Pre Route Cleanup
Phase 2.3 Pre Route Cleanup | Checksum: 102fab526

Time (s): cpu = 00:00:26 ; elapsed = 00:00:23 . Memory (MB): peak = 1749.203 ; gain = 46.617
 Number of Nodes with overlaps = 0

Phase 2.4 Update Timing
Phase 2.4 Update Timing | Checksum: 12e3b498d

Time (s): cpu = 00:00:32 ; elapsed = 00:00:28 . Memory (MB): peak = 1764.035 ; gain = 61.449
INFO: [Route 35-416] Intermediate Timing Summary | WNS=0.548  | TNS=0.000  | WHS=-1.979 | THS=-72.769|

Phase 2 Router Initialization | Checksum: 91c83fbd

Time (s): cpu = 00:00:35 ; elapsed = 00:00:30 . Memory (MB): peak = 1797.840 ; gain = 95.254

Router Utilization Summary
  Global Vertical Routing Utilization    = 0.0055808 %
  Global Horizontal Routing Utilization  = 0.00429464 %
  Routable Net Status*
  *Does not include unroutable nets such as driverless and loadless.
  Run report_route_status for detailed report.
  Number of Failed Nets               = 9677
    (Failed Nets is the sum of unrouted and partially routed nets)
  Number of Unrouted Nets             = 9674
  Number of Partially Routed Nets     = 3
  Number of Node Overlaps             = 0


Phase 3 Initial Routing

Phase 3.1 Global Routing
Phase 3.1 Global Routing | Checksum: 91c83fbd

Time (s): cpu = 00:00:35 ; elapsed = 00:00:30 . Memory (MB): peak = 1797.840 ; gain = 95.254
Phase 3 Initial Routing | Checksum: 1c16af246

Time (s): cpu = 00:00:39 ; elapsed = 00:00:32 . Memory (MB): peak = 1798.570 ; gain = 95.984

Phase 4 Rip-up And Reroute

Phase 4.1 Global Iteration 0
 Number of Nodes with overlaps = 1509
 Number of Nodes with overlaps = 250
 Number of Nodes with overlaps = 145
 Number of Nodes with overlaps = 71
 Number of Nodes with overlaps = 42
 Number of Nodes with overlaps = 6
 Number of Nodes with overlaps = 3
 Number of Nodes with overlaps = 5
 Number of Nodes with overlaps = 9
 Number of Nodes with overlaps = 2
 Number of Nodes with overlaps = 2
 Number of Nodes with overlaps = 5
 Number of Nodes with overlaps = 4
 Number of Nodes with overlaps = 1
 Number of Nodes with overlaps = 0
INFO: [Route 35-416] Intermediate Timing Summary | WNS=0.237  | TNS=0.000  | WHS=N/A    | THS=N/A    |

Phase 4.1 Global Iteration 0 | Checksum: ccc744cb

Time (s): cpu = 00:01:06 ; elapsed = 00:00:55 . Memory (MB): peak = 1798.570 ; gain = 95.984
Phase 4 Rip-up And Reroute | Checksum: ccc744cb

Time (s): cpu = 00:01:06 ; elapsed = 00:00:55 . Memory (MB): peak = 1798.570 ; gain = 95.984

Phase 5 Delay and Skew Optimization

Phase 5.1 Delay CleanUp

Phase 5.1.1 Update Timing
Phase 5.1.1 Update Timing | Checksum: ddd7a118

Time (s): cpu = 00:01:07 ; elapsed = 00:00:56 . Memory (MB): peak = 1798.570 ; gain = 95.984
INFO: [Route 35-416] Intermediate Timing Summary | WNS=0.266  | TNS=0.000  | WHS=N/A    | THS=N/A    |

Phase 5.1 Delay CleanUp | Checksum: ddd7a118

Time (s): cpu = 00:01:07 ; elapsed = 00:00:56 . Memory (MB): peak = 1798.570 ; gain = 95.984

Phase 5.2 Clock Skew Optimization
Phase 5.2 Clock Skew Optimization | Checksum: ddd7a118

Time (s): cpu = 00:01:07 ; elapsed = 00:00:56 . Memory (MB): peak = 1798.570 ; gain = 95.984
Phase 5 Delay and Skew Optimization | Checksum: ddd7a118

Time (s): cpu = 00:01:07 ; elapsed = 00:00:56 . Memory (MB): peak = 1798.570 ; gain = 95.984

Phase 6 Post Hold Fix

Phase 6.1 Hold Fix Iter

Phase 6.1.1 Update Timing
Phase 6.1.1 Update Timing | Checksum: 9ef712e7

Time (s): cpu = 00:01:09 ; elapsed = 00:00:57 . Memory (MB): peak = 1798.570 ; gain = 95.984
INFO: [Route 35-416] Intermediate Timing Summary | WNS=0.266  | TNS=0.000  | WHS=-1.188 | THS=-14.340|


Phase 6.1.2 Lut RouteThru Assignment for hold
Phase 6.1.2 Lut RouteThru Assignment for hold | Checksum: 252a36f02

Time (s): cpu = 00:01:09 ; elapsed = 00:00:57 . Memory (MB): peak = 1798.570 ; gain = 95.984
Phase 6.1 Hold Fix Iter | Checksum: 252a36f02

Time (s): cpu = 00:01:09 ; elapsed = 00:00:57 . Memory (MB): peak = 1798.570 ; gain = 95.984

Phase 6.2 Additional Hold Fix
INFO: [Route 35-416] Intermediate Timing Summary | WNS=0.266  | TNS=0.000  | WHS=-1.305 | THS=-4.597 |

Phase 6.2 Additional Hold Fix | Checksum: 13df092b8

Time (s): cpu = 00:01:10 ; elapsed = 00:00:58 . Memory (MB): peak = 1798.570 ; gain = 95.984
Phase 6 Post Hold Fix | Checksum: c4dd5c4c

Time (s): cpu = 00:01:10 ; elapsed = 00:00:58 . Memory (MB): peak = 1798.570 ; gain = 95.984

Phase 7 Route finalize

Router Utilization Summary
  Global Vertical Routing Utilization    = 3.98685 %
  Global Horizontal Routing Utilization  = 4.47189 %
  Routable Net Status*
  *Does not include unroutable nets such as driverless and loadless.
  Run report_route_status for detailed report.
  Number of Failed Nets               = 0
    (Failed Nets is the sum of unrouted and partially routed nets)
  Number of Unrouted Nets             = 0
  Number of Partially Routed Nets     = 0
  Number of Node Overlaps             = 0

Phase 7 Route finalize | Checksum: a13f2346

Time (s): cpu = 00:01:10 ; elapsed = 00:00:58 . Memory (MB): peak = 1798.570 ; gain = 95.984

Phase 8 Verifying routed nets

 Verification completed successfully
Phase 8 Verifying routed nets | Checksum: a13f2346

Time (s): cpu = 00:01:10 ; elapsed = 00:00:58 . Memory (MB): peak = 1798.570 ; gain = 95.984

Phase 9 Depositing Routes
Phase 9 Depositing Routes | Checksum: b04a34da

Time (s): cpu = 00:01:12 ; elapsed = 00:01:00 . Memory (MB): peak = 1798.570 ; gain = 95.984

Phase 10 Post Router Timing

Phase 10.1 Update Timing
Phase 10.1 Update Timing | Checksum: 71a0e60d

Time (s): cpu = 00:01:13 ; elapsed = 00:01:01 . Memory (MB): peak = 1798.570 ; gain = 95.984
INFO: [Route 35-57] Estimated Timing Summary | WNS=0.266  | TNS=0.000  | WHS=0.052  | THS=0.000  |

INFO: [Route 35-327] The final timing numbers are based on the router estimated timing analysis. For a complete and accurate timing signoff, please run report_timing_summary.
Phase 10 Post Router Timing | Checksum: 71a0e60d

Time (s): cpu = 00:01:13 ; elapsed = 00:01:01 . Memory (MB): peak = 1798.570 ; gain = 95.984
INFO: [Route 35-16] Router Completed Successfully

Time (s): cpu = 00:01:13 ; elapsed = 00:01:01 . Memory (MB): peak = 1798.570 ; gain = 95.984

Routing Is Done.
INFO: [Common 17-83] Releasing license: Implementation
118 Infos, 0 Warnings, 0 Critical Warnings and 0 Errors encountered.
route_design completed successfully
route_design: Time (s): cpu = 00:01:20 ; elapsed = 00:01:05 . Memory (MB): peak = 1798.570 ; gain = 95.984
INFO: [Timing 38-480] Writing timing data to binary archive.
Writing placer database...
Writing XDEF routing.
Writing XDEF routing logical nets.
Writing XDEF routing special nets.
Write XDEF Complete: Time (s): cpu = 00:00:05 ; elapsed = 00:00:02 . Memory (MB): peak = 1809.949 ; gain = 11.379
INFO: [Common 17-1381] The checkpoint 'C:/Users/mithi/RISV/RISV.runs/impl_1/top_routed.dcp' has been generated.
INFO: [runtcl-4] Executing : report_drc -file top_drc_routed.rpt -pb top_drc_routed.pb -rpx top_drc_routed.rpx
Command: report_drc -file top_drc_routed.rpt -pb top_drc_routed.pb -rpx top_drc_routed.rpx
INFO: [IP_Flow 19-1839] IP Catalog is up to date.
INFO: [DRC 23-27] Running DRC with 2 threads
INFO: [Coretcl 2-168] The results of DRC are in file C:/Users/mithi/RISV/RISV.runs/impl_1/top_drc_routed.rpt.
report_drc completed successfully
report_drc: Time (s): cpu = 00:00:10 ; elapsed = 00:00:06 . Memory (MB): peak = 1823.359 ; gain = 13.410
INFO: [runtcl-4] Executing : report_methodology -file top_methodology_drc_routed.rpt -pb top_methodology_drc_routed.pb -rpx top_methodology_drc_routed.rpx
Command: report_methodology -file top_methodology_drc_routed.rpt -pb top_methodology_drc_routed.pb -rpx top_methodology_drc_routed.rpx
INFO: [Timing 38-35] Done setting XDC timing constraints.
INFO: [DRC 23-133] Running Methodology with 2 threads
INFO: [Coretcl 2-1520] The results of Report Methodology are in file C:/Users/mithi/RISV/RISV.runs/impl_1/top_methodology_drc_routed.rpt.
report_methodology completed successfully
INFO: [runtcl-4] Executing : report_power -file top_power_routed.rpt -pb top_power_summary_routed.pb -rpx top_power_routed.rpx
Command: report_power -file top_power_routed.rpt -pb top_power_summary_routed.pb -rpx top_power_routed.rpx
INFO: [Timing 38-35] Done setting XDC timing constraints.
Running Vector-less Activity Propagation...

Finished Running Vector-less Activity Propagation
WARNING: [Power 33-332] Found switching activity that implies high-fanout reset nets being asserted for excessive periods of time which may result in inaccurate power analysis.
Resolution: To review and fix problems, please run Power Constraints Advisor in the GUI from Tools > Power Constraints Advisor or run report_power with the -advisory option to generate a text report.
130 Infos, 1 Warnings, 0 Critical Warnings and 0 Errors encountered.
report_power completed successfully
INFO: [runtcl-4] Executing : report_route_status -file top_route_status.rpt -pb top_route_status.pb
INFO: [runtcl-4] Executing : report_timing_summary -max_paths 10 -file top_timing_summary_routed.rpt -pb top_timing_summary_routed.pb -rpx top_timing_summary_routed.rpx -warn_on_violation 
INFO: [Timing 38-91] UpdateTimingParams: Speed grade: -1, Delay Type: min_max.
INFO: [Timing 38-191] Multithreading enabled for timing update using a maximum of 2 CPUs
INFO: [runtcl-4] Executing : report_incremental_reuse -file top_incremental_reuse_routed.rpt
INFO: [Vivado_Tcl 4-1062] Incremental flow is disabled. No incremental reuse Info to report.
INFO: [runtcl-4] Executing : report_clock_utilization -file top_clock_utilization_routed.rpt
INFO: [runtcl-4] Executing : report_bus_skew -warn_on_violation -file top_bus_skew_routed.rpt -pb top_bus_skew_routed.pb -rpx top_bus_skew_routed.rpx
INFO: [Timing 38-91] UpdateTimingParams: Speed grade: -1, Delay Type: min_max.
INFO: [Timing 38-191] Multithreading enabled for timing update using a maximum of 2 CPUs
Command: write_bitstream -force top.bit -raw_bitfile -bin_file
Attempting to get a license for feature 'Implementation' and/or device 'xc7a35t'
INFO: [Common 17-349] Got license for feature 'Implementation' and/or device 'xc7a35t'
Running DRC as a precondition to command write_bitstream
INFO: [IP_Flow 19-1839] IP Catalog is up to date.
INFO: [DRC 23-27] Running DRC with 2 threads
WARNING: [DRC DPIP-1] Input pipelining: DSP dfpu/fpadd/inst/i_synth/ADDSUB_OP.ADDSUB/LOGIC_SPEED.OP/ALIGN_BLK/FRAC_ADDSUB/DSP_ADD.FRAC_ADDSUB/i_no_versal_es1_workaround.DSP48E1_ADD.DSP48E1_ADD/i_no_versal_es1_workaround.DSP input dfpu/fpadd/inst/i_synth/ADDSUB_OP.ADDSUB/LOGIC_SPEED.OP/ALIGN_BLK/FRAC_ADDSUB/DSP_ADD.FRAC_ADDSUB/i_no_versal_es1_workaround.DSP48E1_ADD.DSP48E1_ADD/i_no_versal_es1_workaround.DSP/A[29:0] is not pipelined. Pipelining DSP48 input will improve performance.
WARNING: [DRC DPIP-1] Input pipelining: DSP dfpu/fpadd/inst/i_synth/ADDSUB_OP.ADDSUB/LOGIC_SPEED.OP/ALIGN_BLK/FRAC_ADDSUB/DSP_ADD.FRAC_ADDSUB/i_no_versal_es1_workaround.DSP48E1_ADD.DSP48E1_ADD/i_no_versal_es1_workaround.DSP input dfpu/fpadd/inst/i_synth/ADDSUB_OP.ADDSUB/LOGIC_SPEED.OP/ALIGN_BLK/FRAC_ADDSUB/DSP_ADD.FRAC_ADDSUB/i_no_versal_es1_workaround.DSP48E1_ADD.DSP48E1_ADD/i_no_versal_es1_workaround.DSP/B[17:0] is not pipelined. Pipelining DSP48 input will improve performance.
WARNING: [DRC DPIP-1] Input pipelining: DSP dfpu/fpadd/inst/i_synth/ADDSUB_OP.ADDSUB/LOGIC_SPEED.OP/ALIGN_BLK/FRAC_ADDSUB/DSP_ADD.FRAC_ADDSUB/i_no_versal_es1_workaround.DSP48E1_ADD.DSP48E1_ADD/i_no_versal_es1_workaround.DSP input dfpu/fpadd/inst/i_synth/ADDSUB_OP.ADDSUB/LOGIC_SPEED.OP/ALIGN_BLK/FRAC_ADDSUB/DSP_ADD.FRAC_ADDSUB/i_no_versal_es1_workaround.DSP48E1_ADD.DSP48E1_ADD/i_no_versal_es1_workaround.DSP/C[47:0] is not pipelined. Pipelining DSP48 input will improve performance.
WARNING: [DRC DPIP-1] Input pipelining: DSP dfpu/fpadd/inst/i_synth/ADDSUB_OP.ADDSUB/LOGIC_SPEED.OP/ALIGN_BLK/FRAC_ADDSUB/DSP_ADD.FRAC_ADDSUB/i_no_versal_es1_workaround.DSP48E1_GEN.DSP48E1_DEL/i_no_versal_es1_workaround.DSP input dfpu/fpadd/inst/i_synth/ADDSUB_OP.ADDSUB/LOGIC_SPEED.OP/ALIGN_BLK/FRAC_ADDSUB/DSP_ADD.FRAC_ADDSUB/i_no_versal_es1_workaround.DSP48E1_GEN.DSP48E1_DEL/i_no_versal_es1_workaround.DSP/A[29:0] is not pipelined. Pipelining DSP48 input will improve performance.
WARNING: [DRC DPIP-1] Input pipelining: DSP dfpu/fpadd/inst/i_synth/ADDSUB_OP.ADDSUB/LOGIC_SPEED.OP/ALIGN_BLK/FRAC_ADDSUB/DSP_ADD.FRAC_ADDSUB/i_no_versal_es1_workaround.DSP48E1_GEN.DSP48E1_DEL/i_no_versal_es1_workaround.DSP input dfpu/fpadd/inst/i_synth/ADDSUB_OP.ADDSUB/LOGIC_SPEED.OP/ALIGN_BLK/FRAC_ADDSUB/DSP_ADD.FRAC_ADDSUB/i_no_versal_es1_workaround.DSP48E1_GEN.DSP48E1_DEL/i_no_versal_es1_workaround.DSP/B[17:0] is not pipelined. Pipelining DSP48 input will improve performance.
WARNING: [DRC DPIP-1] Input pipelining: DSP dfpu/fpadd/inst/i_synth/ADDSUB_OP.ADDSUB/LOGIC_SPEED.OP/NORM/ROUND/DSP48_E1.DSP48E1_ADD.DSP48E1_ADD/i_no_versal_es1_workaround.DSP input dfpu/fpadd/inst/i_synth/ADDSUB_OP.ADDSUB/LOGIC_SPEED.OP/NORM/ROUND/DSP48_E1.DSP48E1_ADD.DSP48E1_ADD/i_no_versal_es1_workaround.DSP/B[17:0] is not pipelined. Pipelining DSP48 input will improve performance.
WARNING: [DRC DPIP-1] Input pipelining: DSP dfpu/fpadd/inst/i_synth/ADDSUB_OP.ADDSUB/LOGIC_SPEED.OP/NORM/ROUND/DSP48_E1.DSP48E1_ADD.DSP48E1_ADD/i_no_versal_es1_workaround.DSP input dfpu/fpadd/inst/i_synth/ADDSUB_OP.ADDSUB/LOGIC_SPEED.OP/NORM/ROUND/DSP48_E1.DSP48E1_ADD.DSP48E1_ADD/i_no_versal_es1_workaround.DSP/C[47:0] is not pipelined. Pipelining DSP48 input will improve performance.
WARNING: [DRC DPIP-1] Input pipelining: DSP dfpu/fpmul/inst/i_synth/MULT.OP/i_non_prim.MULT/DSP48E1_SPD_DBL_VARIANT.FIX_MULT/DSP0/i_no_versal_es1_workaround.DSP input dfpu/fpmul/inst/i_synth/MULT.OP/i_non_prim.MULT/DSP48E1_SPD_DBL_VARIANT.FIX_MULT/DSP0/i_no_versal_es1_workaround.DSP/A[29:0] is not pipelined. Pipelining DSP48 input will improve performance.
WARNING: [DRC DPIP-1] Input pipelining: DSP dfpu/fpmul/inst/i_synth/MULT.OP/i_non_prim.MULT/DSP48E1_SPD_DBL_VARIANT.FIX_MULT/DSP0/i_no_versal_es1_workaround.DSP input dfpu/fpmul/inst/i_synth/MULT.OP/i_non_prim.MULT/DSP48E1_SPD_DBL_VARIANT.FIX_MULT/DSP0/i_no_versal_es1_workaround.DSP/B[17:0] is not pipelined. Pipelining DSP48 input will improve performance.
WARNING: [DRC DPIP-1] Input pipelining: DSP dfpu/fpmul/inst/i_synth/MULT.OP/i_non_prim.MULT/DSP48E1_SPD_DBL_VARIANT.FIX_MULT/DSP1/i_no_versal_es1_workaround.DSP input dfpu/fpmul/inst/i_synth/MULT.OP/i_non_prim.MULT/DSP48E1_SPD_DBL_VARIANT.FIX_MULT/DSP1/i_no_versal_es1_workaround.DSP/A[29:0] is not pipelined. Pipelining DSP48 input will improve performance.
WARNING: [DRC DPIP-1] Input pipelining: DSP dfpu/fpmul/inst/i_synth/MULT.OP/i_non_prim.MULT/DSP48E1_SPD_DBL_VARIANT.FIX_MULT/DSP2/i_no_versal_es1_workaround.DSP input dfpu/fpmul/inst/i_synth/MULT.OP/i_non_prim.MULT/DSP48E1_SPD_DBL_VARIANT.FIX_MULT/DSP2/i_no_versal_es1_workaround.DSP/A[29:0] is not pipelined. Pipelining DSP48 input will improve performance.
WARNING: [DRC DPIP-1] Input pipelining: DSP dfpu/fpmul/inst/i_synth/MULT.OP/i_non_prim.MULT/DSP48E1_SPD_DBL_VARIANT.FIX_MULT/DSP2/i_no_versal_es1_workaround.DSP input dfpu/fpmul/inst/i_synth/MULT.OP/i_non_prim.MULT/DSP48E1_SPD_DBL_VARIANT.FIX_MULT/DSP2/i_no_versal_es1_workaround.DSP/B[17:0] is not pipelined. Pipelining DSP48 input will improve performance.
WARNING: [DRC DPIP-1] Input pipelining: DSP dfpu/fpmul/inst/i_synth/MULT.OP/i_non_prim.R_AND_R/LOGIC.R_AND_R/DSP48_E1.DSP48E1_ADD.DSP48E1_ADD/i_no_versal_es1_workaround.DSP input dfpu/fpmul/inst/i_synth/MULT.OP/i_non_prim.R_AND_R/LOGIC.R_AND_R/DSP48_E1.DSP48E1_ADD.DSP48E1_ADD/i_no_versal_es1_workaround.DSP/B[17:0] is not pipelined. Pipelining DSP48 input will improve performance.
WARNING: [DRC DPIP-1] Input pipelining: DSP dfpu/fpmul/inst/i_synth/MULT.OP/i_non_prim.R_AND_R/LOGIC.R_AND_R/DSP48_E1.DSP48E1_ADD.DSP48E1_ADD/i_no_versal_es1_workaround.DSP input dfpu/fpmul/inst/i_synth/MULT.OP/i_non_prim.R_AND_R/LOGIC.R_AND_R/DSP48_E1.DSP48E1_ADD.DSP48E1_ADD/i_no_versal_es1_workaround.DSP/C[47:0] is not pipelined. Pipelining DSP48 input will improve performance.
WARNING: [DRC DPOP-1] PREG Output pipelining: DSP dfpu/fpadd/inst/i_synth/ADDSUB_OP.ADDSUB/LOGIC_SPEED.OP/NORM/ROUND/DSP48_E1.DSP48E1_ADD.DSP48E1_ADD/i_no_versal_es1_workaround.DSP output dfpu/fpadd/inst/i_synth/ADDSUB_OP.ADDSUB/LOGIC_SPEED.OP/NORM/ROUND/DSP48_E1.DSP48E1_ADD.DSP48E1_ADD/i_no_versal_es1_workaround.DSP/P[47:0] is not pipelined (PREG=0). Pipelining the DSP48 output will improve performance and often saves power so it is suggested whenever possible to fully pipeline this function.  If this DSP48 function was inferred, it is suggested to describe an additional register stage after this function.  If the DSP48 was instantiated in the design, it is suggested to set the PREG attribute to 1.
WARNING: [DRC DPOP-1] PREG Output pipelining: DSP dfpu/fpmul/inst/i_synth/MULT.OP/i_non_prim.MULT/DSP48E1_SPD_DBL_VARIANT.FIX_MULT/DSP0/i_no_versal_es1_workaround.DSP output dfpu/fpmul/inst/i_synth/MULT.OP/i_non_prim.MULT/DSP48E1_SPD_DBL_VARIANT.FIX_MULT/DSP0/i_no_versal_es1_workaround.DSP/PATTERNDETECT is not pipelined (PREG=0). Pipelining the DSP48 output will improve performance and often saves power so it is suggested whenever possible to fully pipeline this function.  If this DSP48 function was inferred, it is suggested to describe an additional register stage after this function.  If the DSP48 was instantiated in the design, it is suggested to set the PREG attribute to 1.
WARNING: [DRC DPOP-1] PREG Output pipelining: DSP dfpu/fpmul/inst/i_synth/MULT.OP/i_non_prim.MULT/DSP48E1_SPD_DBL_VARIANT.FIX_MULT/DSP2/i_no_versal_es1_workaround.DSP output dfpu/fpmul/inst/i_synth/MULT.OP/i_non_prim.MULT/DSP48E1_SPD_DBL_VARIANT.FIX_MULT/DSP2/i_no_versal_es1_workaround.DSP/PATTERNDETECT is not pipelined (PREG=0). Pipelining the DSP48 output will improve performance and often saves power so it is suggested whenever possible to fully pipeline this function.  If this DSP48 function was inferred, it is suggested to describe an additional register stage after this function.  If the DSP48 was instantiated in the design, it is suggested to set the PREG attribute to 1.
WARNING: [DRC DPOP-1] PREG Output pipelining: DSP dfpu/fpmul/inst/i_synth/MULT.OP/i_non_prim.MULT/DSP48E1_SPD_DBL_VARIANT.FIX_MULT/DSP7/i_no_versal_es1_workaround.DSP output dfpu/fpmul/inst/i_synth/MULT.OP/i_non_prim.MULT/DSP48E1_SPD_DBL_VARIANT.FIX_MULT/DSP7/i_no_versal_es1_workaround.DSP/P[47:0] is not pipelined (PREG=0). Pipelining the DSP48 output will improve performance and often saves power so it is suggested whenever possible to fully pipeline this function.  If this DSP48 function was inferred, it is suggested to describe an additional register stage after this function.  If the DSP48 was instantiated in the design, it is suggested to set the PREG attribute to 1.
WARNING: [DRC DPOP-1] PREG Output pipelining: DSP dfpu/fpmul/inst/i_synth/MULT.OP/i_non_prim.MULT/DSP48E1_SPD_DBL_VARIANT.FIX_MULT/DSP8/i_no_versal_es1_workaround.DSP output dfpu/fpmul/inst/i_synth/MULT.OP/i_non_prim.MULT/DSP48E1_SPD_DBL_VARIANT.FIX_MULT/DSP8/i_no_versal_es1_workaround.DSP/P[47:0] is not pipelined (PREG=0). Pipelining the DSP48 output will improve performance and often saves power so it is suggested whenever possible to fully pipeline this function.  If this DSP48 function was inferred, it is suggested to describe an additional register stage after this function.  If the DSP48 was instantiated in the design, it is suggested to set the PREG attribute to 1.
WARNING: [DRC DPOP-1] PREG Output pipelining: DSP dfpu/fpmul/inst/i_synth/MULT.OP/i_non_prim.R_AND_R/LOGIC.R_AND_R/DSP48_E1.DSP48E1_ADD.DSP48E1_ADD/i_no_versal_es1_workaround.DSP output dfpu/fpmul/inst/i_synth/MULT.OP/i_non_prim.R_AND_R/LOGIC.R_AND_R/DSP48_E1.DSP48E1_ADD.DSP48E1_ADD/i_no_versal_es1_workaround.DSP/P[47:0] is not pipelined (PREG=0). Pipelining the DSP48 output will improve performance and often saves power so it is suggested whenever possible to fully pipeline this function.  If this DSP48 function was inferred, it is suggested to describe an additional register stage after this function.  If the DSP48 was instantiated in the design, it is suggested to set the PREG attribute to 1.
WARNING: [DRC DPOP-2] MREG Output pipelining: DSP dfpu/fpmul/inst/i_synth/MULT.OP/i_non_prim.MULT/DSP48E1_SPD_DBL_VARIANT.FIX_MULT/DSP0/i_no_versal_es1_workaround.DSP multiplier stage dfpu/fpmul/inst/i_synth/MULT.OP/i_non_prim.MULT/DSP48E1_SPD_DBL_VARIANT.FIX_MULT/DSP0/i_no_versal_es1_workaround.DSP/PATTERNDETECT is not pipelined (MREG=0). Pipelining the multiplier function will improve performance and will save significant power so it is suggested whenever possible to fully pipeline this function.  If this multiplier was inferred, it is suggested to describe an additional register stage after this function.  If there is no registered adder/accumulator following the multiply function, two pipeline stages are suggested to allow both the MREG and PREG registers to be used.  If the DSP48 was instantiated in the design, it is suggested to set both the MREG and PREG attributes to 1 when performing multiply functions.
WARNING: [DRC DPOP-2] MREG Output pipelining: DSP dfpu/fpmul/inst/i_synth/MULT.OP/i_non_prim.MULT/DSP48E1_SPD_DBL_VARIANT.FIX_MULT/DSP5/i_no_versal_es1_workaround.DSP multiplier stage dfpu/fpmul/inst/i_synth/MULT.OP/i_non_prim.MULT/DSP48E1_SPD_DBL_VARIANT.FIX_MULT/DSP5/i_no_versal_es1_workaround.DSP/PATTERNDETECT is not pipelined (MREG=0). Pipelining the multiplier function will improve performance and will save significant power so it is suggested whenever possible to fully pipeline this function.  If this multiplier was inferred, it is suggested to describe an additional register stage after this function.  If there is no registered adder/accumulator following the multiply function, two pipeline stages are suggested to allow both the MREG and PREG registers to be used.  If the DSP48 was instantiated in the design, it is suggested to set both the MREG and PREG attributes to 1 when performing multiply functions.
WARNING: [DRC DPOP-2] MREG Output pipelining: DSP dfpu/fpmul/inst/i_synth/MULT.OP/i_non_prim.MULT/DSP48E1_SPD_DBL_VARIANT.FIX_MULT/DSP7/i_no_versal_es1_workaround.DSP multiplier stage dfpu/fpmul/inst/i_synth/MULT.OP/i_non_prim.MULT/DSP48E1_SPD_DBL_VARIANT.FIX_MULT/DSP7/i_no_versal_es1_workaround.DSP/P[47:0] is not pipelined (MREG=0). Pipelining the multiplier function will improve performance and will save significant power so it is suggested whenever possible to fully pipeline this function.  If this multiplier was inferred, it is suggested to describe an additional register stage after this function.  If there is no registered adder/accumulator following the multiply function, two pipeline stages are suggested to allow both the MREG and PREG registers to be used.  If the DSP48 was instantiated in the design, it is suggested to set both the MREG and PREG attributes to 1 when performing multiply functions.
WARNING: [DRC DPOP-2] MREG Output pipelining: DSP dfpu/fpmul/inst/i_synth/MULT.OP/i_non_prim.MULT/DSP48E1_SPD_DBL_VARIANT.FIX_MULT/DSP8/i_no_versal_es1_workaround.DSP multiplier stage dfpu/fpmul/inst/i_synth/MULT.OP/i_non_prim.MULT/DSP48E1_SPD_DBL_VARIANT.FIX_MULT/DSP8/i_no_versal_es1_workaround.DSP/P[47:0] is not pipelined (MREG=0). Pipelining the multiplier function will improve performance and will save significant power so it is suggested whenever possible to fully pipeline this function.  If this multiplier was inferred, it is suggested to describe an additional register stage after this function.  If there is no registered adder/accumulator following the multiply function, two pipeline stages are suggested to allow both the MREG and PREG registers to be used.  If the DSP48 was instantiated in the design, it is suggested to set both the MREG and PREG attributes to 1 when performing multiply functions.
WARNING: [DRC DPOP-2] MREG Output pipelining: DSP dfpu/fpmul/inst/i_synth/MULT.OP/i_non_prim.MULT/DSP48E1_SPD_DBL_VARIANT.FIX_MULT/FULL_MAX_USAGE.DSP9/i_no_versal_es1_workaround.DSP multiplier stage dfpu/fpmul/inst/i_synth/MULT.OP/i_non_prim.MULT/DSP48E1_SPD_DBL_VARIANT.FIX_MULT/FULL_MAX_USAGE.DSP9/i_no_versal_es1_workaround.DSP/P[47:0] is not pipelined (MREG=0). Pipelining the multiplier function will improve performance and will save significant power so it is suggested whenever possible to fully pipeline this function.  If this multiplier was inferred, it is suggested to describe an additional register stage after this function.  If there is no registered adder/accumulator following the multiply function, two pipeline stages are suggested to allow both the MREG and PREG registers to be used.  If the DSP48 was instantiated in the design, it is suggested to set both the MREG and PREG attributes to 1 when performing multiply functions.
INFO: [DRC AVAL-4] enum_USE_DPORT_FALSE_enum_DREG_ADREG_0_connects_CED_CEAD_RSTD_GND: dfpu/fpadd/inst/i_synth/ADDSUB_OP.ADDSUB/LOGIC_SPEED.OP/ALIGN_BLK/FRAC_ADDSUB/DSP_ADD.FRAC_ADDSUB/i_no_versal_es1_workaround.DSP48E1_ADD.DSP48E1_ADD/i_no_versal_es1_workaround.DSP: DSP48E1 is not using the D port (USE_DPORT = FALSE). For improved power characteristics, set DREG and ADREG to '1', tie CED, CEAD, and RSTD to logic '0'.
INFO: [DRC AVAL-4] enum_USE_DPORT_FALSE_enum_DREG_ADREG_0_connects_CED_CEAD_RSTD_GND: dfpu/fpadd/inst/i_synth/ADDSUB_OP.ADDSUB/LOGIC_SPEED.OP/ALIGN_BLK/FRAC_ADDSUB/DSP_ADD.FRAC_ADDSUB/i_no_versal_es1_workaround.DSP48E1_GEN.DSP48E1_DEL/i_no_versal_es1_workaround.DSP: DSP48E1 is not using the D port (USE_DPORT = FALSE). For improved power characteristics, set DREG and ADREG to '1', tie CED, CEAD, and RSTD to logic '0'.
INFO: [DRC AVAL-4] enum_USE_DPORT_FALSE_enum_DREG_ADREG_0_connects_CED_CEAD_RSTD_GND: dfpu/fpadd/inst/i_synth/ADDSUB_OP.ADDSUB/LOGIC_SPEED.OP/NORM/ROUND/DSP48_E1.DSP48E1_ADD.DSP48E1_ADD/i_no_versal_es1_workaround.DSP: DSP48E1 is not using the D port (USE_DPORT = FALSE). For improved power characteristics, set DREG and ADREG to '1', tie CED, CEAD, and RSTD to logic '0'.
INFO: [DRC AVAL-4] enum_USE_DPORT_FALSE_enum_DREG_ADREG_0_connects_CED_CEAD_RSTD_GND: dfpu/fpmul/inst/i_synth/MULT.OP/i_non_prim.MULT/DSP48E1_SPD_DBL_VARIANT.FIX_MULT/DSP0/i_no_versal_es1_workaround.DSP: DSP48E1 is not using the D port (USE_DPORT = FALSE). For improved power characteristics, set DREG and ADREG to '1', tie CED, CEAD, and RSTD to logic '0'.
INFO: [DRC AVAL-4] enum_USE_DPORT_FALSE_enum_DREG_ADREG_0_connects_CED_CEAD_RSTD_GND: dfpu/fpmul/inst/i_synth/MULT.OP/i_non_prim.MULT/DSP48E1_SPD_DBL_VARIANT.FIX_MULT/DSP1/i_no_versal_es1_workaround.DSP: DSP48E1 is not using the D port (USE_DPORT = FALSE). For improved power characteristics, set DREG and ADREG to '1', tie CED, CEAD, and RSTD to logic '0'.
INFO: [DRC AVAL-4] enum_USE_DPORT_FALSE_enum_DREG_ADREG_0_connects_CED_CEAD_RSTD_GND: dfpu/fpmul/inst/i_synth/MULT.OP/i_non_prim.MULT/DSP48E1_SPD_DBL_VARIANT.FIX_MULT/DSP2/i_no_versal_es1_workaround.DSP: DSP48E1 is not using the D port (USE_DPORT = FALSE). For improved power characteristics, set DREG and ADREG to '1', tie CED, CEAD, and RSTD to logic '0'.
INFO: [DRC AVAL-4] enum_USE_DPORT_FALSE_enum_DREG_ADREG_0_connects_CED_CEAD_RSTD_GND: dfpu/fpmul/inst/i_synth/MULT.OP/i_non_prim.MULT/DSP48E1_SPD_DBL_VARIANT.FIX_MULT/DSP3/i_no_versal_es1_workaround.DSP: DSP48E1 is not using the D port (USE_DPORT = FALSE). For improved power characteristics, set DREG and ADREG to '1', tie CED, CEAD, and RSTD to logic '0'.
INFO: [DRC AVAL-4] enum_USE_DPORT_FALSE_enum_DREG_ADREG_0_connects_CED_CEAD_RSTD_GND: dfpu/fpmul/inst/i_synth/MULT.OP/i_non_prim.MULT/DSP48E1_SPD_DBL_VARIANT.FIX_MULT/DSP4/i_no_versal_es1_workaround.DSP: DSP48E1 is not using the D port (USE_DPORT = FALSE). For improved power characteristics, set DREG and ADREG to '1', tie CED, CEAD, and RSTD to logic '0'.
INFO: [DRC AVAL-4] enum_USE_DPORT_FALSE_enum_DREG_ADREG_0_connects_CED_CEAD_RSTD_GND: dfpu/fpmul/inst/i_synth/MULT.OP/i_non_prim.MULT/DSP48E1_SPD_DBL_VARIANT.FIX_MULT/DSP5/i_no_versal_es1_workaround.DSP: DSP48E1 is not using the D port (USE_DPORT = FALSE). For improved power characteristics, set DREG and ADREG to '1', tie CED, CEAD, and RSTD to logic '0'.
INFO: [DRC AVAL-4] enum_USE_DPORT_FALSE_enum_DREG_ADREG_0_connects_CED_CEAD_RSTD_GND: dfpu/fpmul/inst/i_synth/MULT.OP/i_non_prim.MULT/DSP48E1_SPD_DBL_VARIANT.FIX_MULT/DSP6/i_no_versal_es1_workaround.DSP: DSP48E1 is not using the D port (USE_DPORT = FALSE). For improved power characteristics, set DREG and ADREG to '1', tie CED, CEAD, and RSTD to logic '0'.
INFO: [DRC AVAL-4] enum_USE_DPORT_FALSE_enum_DREG_ADREG_0_connects_CED_CEAD_RSTD_GND: dfpu/fpmul/inst/i_synth/MULT.OP/i_non_prim.MULT/DSP48E1_SPD_DBL_VARIANT.FIX_MULT/DSP7/i_no_versal_es1_workaround.DSP: DSP48E1 is not using the D port (USE_DPORT = FALSE). For improved power characteristics, set DREG and ADREG to '1', tie CED, CEAD, and RSTD to logic '0'.
INFO: [DRC AVAL-4] enum_USE_DPORT_FALSE_enum_DREG_ADREG_0_connects_CED_CEAD_RSTD_GND: dfpu/fpmul/inst/i_synth/MULT.OP/i_non_prim.MULT/DSP48E1_SPD_DBL_VARIANT.FIX_MULT/DSP8/i_no_versal_es1_workaround.DSP: DSP48E1 is not using the D port (USE_DPORT = FALSE). For improved power characteristics, set DREG and ADREG to '1', tie CED, CEAD, and RSTD to logic '0'.
INFO: [DRC AVAL-4] enum_USE_DPORT_FALSE_enum_DREG_ADREG_0_connects_CED_CEAD_RSTD_GND: dfpu/fpmul/inst/i_synth/MULT.OP/i_non_prim.MULT/DSP48E1_SPD_DBL_VARIANT.FIX_MULT/FULL_MAX_USAGE.DSP9/i_no_versal_es1_workaround.DSP: DSP48E1 is not using the D port (USE_DPORT = FALSE). For improved power characteristics, set DREG and ADREG to '1', tie CED, CEAD, and RSTD to logic '0'.
INFO: [DRC AVAL-4] enum_USE_DPORT_FALSE_enum_DREG_ADREG_0_connects_CED_CEAD_RSTD_GND: dfpu/fpmul/inst/i_synth/MULT.OP/i_non_prim.R_AND_R/LOGIC.R_AND_R/DSP48_E1.DSP48E1_ADD.DSP48E1_ADD/i_no_versal_es1_workaround.DSP: DSP48E1 is not using the D port (USE_DPORT = FALSE). For improved power characteristics, set DREG and ADREG to '1', tie CED, CEAD, and RSTD to logic '0'.
INFO: [DRC AVAL-5] enum_USE_MULT_NONE_enum_DREG_ADREG_0_connects_CED_CEAD_RSTD_GND: dfpu/fpadd/inst/i_synth/ADDSUB_OP.ADDSUB/LOGIC_SPEED.OP/ALIGN_BLK/FRAC_ADDSUB/DSP_ADD.FRAC_ADDSUB/i_no_versal_es1_workaround.DSP48E1_ADD.DSP48E1_ADD/i_no_versal_es1_workaround.DSP: DSP48E1 is not using the Multiplier (USE_MULT = NONE). For improved power characteristics, set DREG and ADREG to '1', tie CED, CEAD, and RSTD to logic '0'.
INFO: [DRC AVAL-5] enum_USE_MULT_NONE_enum_DREG_ADREG_0_connects_CED_CEAD_RSTD_GND: dfpu/fpadd/inst/i_synth/ADDSUB_OP.ADDSUB/LOGIC_SPEED.OP/ALIGN_BLK/FRAC_ADDSUB/DSP_ADD.FRAC_ADDSUB/i_no_versal_es1_workaround.DSP48E1_GEN.DSP48E1_DEL/i_no_versal_es1_workaround.DSP: DSP48E1 is not using the Multiplier (USE_MULT = NONE). For improved power characteristics, set DREG and ADREG to '1', tie CED, CEAD, and RSTD to logic '0'.
INFO: [DRC AVAL-5] enum_USE_MULT_NONE_enum_DREG_ADREG_0_connects_CED_CEAD_RSTD_GND: dfpu/fpadd/inst/i_synth/ADDSUB_OP.ADDSUB/LOGIC_SPEED.OP/NORM/ROUND/DSP48_E1.DSP48E1_ADD.DSP48E1_ADD/i_no_versal_es1_workaround.DSP: DSP48E1 is not using the Multiplier (USE_MULT = NONE). For improved power characteristics, set DREG and ADREG to '1', tie CED, CEAD, and RSTD to logic '0'.
INFO: [DRC AVAL-5] enum_USE_MULT_NONE_enum_DREG_ADREG_0_connects_CED_CEAD_RSTD_GND: dfpu/fpmul/inst/i_synth/MULT.OP/i_non_prim.R_AND_R/LOGIC.R_AND_R/DSP48_E1.DSP48E1_ADD.DSP48E1_ADD/i_no_versal_es1_workaround.DSP: DSP48E1 is not using the Multiplier (USE_MULT = NONE). For improved power characteristics, set DREG and ADREG to '1', tie CED, CEAD, and RSTD to logic '0'.
INFO: [Vivado 12-3199] DRC finished with 0 Errors, 25 Warnings, 18 Advisories
INFO: [Vivado 12-3200] Please refer to the DRC report (report_drc) for more information.
INFO: [Designutils 20-2272] Running write_bitstream with 2 threads.
Loading data files...
Loading site data...
Loading route data...
Processing options...
Creating bitmap...
Creating bitstream...
Writing bitstream ./top.bit...
Writing bitstream ./top.rbt...
Writing bitstream ./top.bin...
INFO: [Vivado 12-1842] Bitgen Completed Successfully.
INFO: [Project 1-120] WebTalk data collection is mandatory when using a WebPACK part without a full Vivado license. To see the specific WebTalk data collected for your design, open the usage_statistics_webtalk.html or usage_statistics_webtalk.xml file in the implementation directory.
INFO: [Common 17-186] 'C:/Users/mithi/RISV/RISV.runs/impl_1/usage_statistics_webtalk.xml' has been successfully sent to Xilinx on Thu Oct 21 22:43:35 2021. For additional details about this file, please refer to the WebTalk help file at D:/Xilinx/Vivado/2020.2/doc/webtalk_introduction.html.
INFO: [Common 17-83] Releasing license: Implementation
31 Infos, 25 Warnings, 0 Critical Warnings and 0 Errors encountered.
write_bitstream completed successfully
write_bitstream: Time (s): cpu = 00:00:27 ; elapsed = 00:00:25 . Memory (MB): peak = 2284.098 ; gain = 460.602
INFO: [Common 17-206] Exiting Vivado at Thu Oct 21 22:43:35 2021...
