
*** Running vivado
    with args -log Divideru.vds -m64 -product Vivado -mode batch -messageDb vivado.pb -notrace -source Divideru.tcl



****** Vivado v2020.2 (64-bit)
  **** SW Build 3064766 on Wed Nov 18 09:12:45 MST 2020
  **** IP Build 3064653 on Wed Nov 18 14:17:31 MST 2020
    ** Copyright 1986-2020 Xilinx, Inc. All Rights Reserved.

source Divideru.tcl -notrace
Command: synth_design -top Divideru -part xc7a35tftg256-1 -mode out_of_context
Starting synth_design
Attempting to get a license for feature 'Synthesis' and/or device 'xc7a35t'
INFO: [Common 17-349] Got license for feature 'Synthesis' and/or device 'xc7a35t'
INFO: [Device 21-403] Loading part xc7a35tftg256-1
INFO: [Synth 8-7079] Multithreading enabled for synth_design using a maximum of 2 processes.
INFO: [Synth 8-7078] Launching helper process for spawning children vivado processes
INFO: [Synth 8-7075] Helper process launched with PID 158064
---------------------------------------------------------------------------------
Starting RTL Elaboration : Time (s): cpu = 00:00:08 ; elapsed = 00:00:09 . Memory (MB): peak = 1008.500 ; gain = 0.000
---------------------------------------------------------------------------------
INFO: [Synth 8-638] synthesizing module 'Divideru' [c:/Users/mithi/RISV/RISV.gen/sources_1/ip/Divideru/synth/Divideru.vhd:74]
	Parameter C_XDEVICEFAMILY bound to: artix7 - type: string 
	Parameter C_HAS_ARESETN bound to: 0 - type: integer 
	Parameter C_HAS_ACLKEN bound to: 1 - type: integer 
	Parameter C_LATENCY bound to: 35 - type: integer 
	Parameter ALGORITHM_TYPE bound to: 1 - type: integer 
	Parameter DIVISOR_WIDTH bound to: 32 - type: integer 
	Parameter DIVIDEND_WIDTH bound to: 32 - type: integer 
	Parameter SIGNED_B bound to: 0 - type: integer 
	Parameter DIVCLK_SEL bound to: 8 - type: integer 
	Parameter FRACTIONAL_B bound to: 0 - type: integer 
	Parameter FRACTIONAL_WIDTH bound to: 32 - type: integer 
	Parameter C_HAS_DIV_BY_ZERO bound to: 0 - type: integer 
	Parameter C_THROTTLE_SCHEME bound to: 3 - type: integer 
	Parameter C_TLAST_RESOLUTION bound to: 0 - type: integer 
	Parameter C_HAS_S_AXIS_DIVISOR_TUSER bound to: 0 - type: integer 
	Parameter C_HAS_S_AXIS_DIVISOR_TLAST bound to: 0 - type: integer 
	Parameter C_S_AXIS_DIVISOR_TDATA_WIDTH bound to: 32 - type: integer 
	Parameter C_S_AXIS_DIVISOR_TUSER_WIDTH bound to: 1 - type: integer 
	Parameter C_HAS_S_AXIS_DIVIDEND_TUSER bound to: 0 - type: integer 
	Parameter C_HAS_S_AXIS_DIVIDEND_TLAST bound to: 0 - type: integer 
	Parameter C_S_AXIS_DIVIDEND_TDATA_WIDTH bound to: 32 - type: integer 
	Parameter C_S_AXIS_DIVIDEND_TUSER_WIDTH bound to: 1 - type: integer 
	Parameter C_M_AXIS_DOUT_TDATA_WIDTH bound to: 64 - type: integer 
	Parameter C_M_AXIS_DOUT_TUSER_WIDTH bound to: 1 - type: integer 
INFO: [Synth 8-3491] module 'div_gen_v5_1_17' declared at 'c:/Users/mithi/RISV/RISV.gen/sources_1/ip/Divideru/hdl/div_gen_v5_1_vh_rfs.vhd:13859' bound to instance 'U0' of component 'div_gen_v5_1_17' [c:/Users/mithi/RISV/RISV.gen/sources_1/ip/Divideru/synth/Divideru.vhd:150]
INFO: [Synth 8-256] done synthesizing module 'Divideru' (10#1) [c:/Users/mithi/RISV/RISV.gen/sources_1/ip/Divideru/synth/Divideru.vhd:74]
---------------------------------------------------------------------------------
Finished RTL Elaboration : Time (s): cpu = 00:00:13 ; elapsed = 00:00:14 . Memory (MB): peak = 1008.500 ; gain = 0.000
---------------------------------------------------------------------------------
---------------------------------------------------------------------------------
Start Handling Custom Attributes
---------------------------------------------------------------------------------
---------------------------------------------------------------------------------
Finished Handling Custom Attributes : Time (s): cpu = 00:00:14 ; elapsed = 00:00:15 . Memory (MB): peak = 1008.500 ; gain = 0.000
---------------------------------------------------------------------------------
---------------------------------------------------------------------------------
Finished RTL Optimization Phase 1 : Time (s): cpu = 00:00:14 ; elapsed = 00:00:15 . Memory (MB): peak = 1008.500 ; gain = 0.000
---------------------------------------------------------------------------------
Netlist sorting complete. Time (s): cpu = 00:00:00 ; elapsed = 00:00:00.055 . Memory (MB): peak = 1008.500 ; gain = 0.000
INFO: [Netlist 29-17] Analyzing 330 Unisim elements for replacement
INFO: [Netlist 29-28] Unisim Transformation completed in 0 CPU seconds
INFO: [Project 1-570] Preparing netlist for logic optimization

Processing XDC Constraints
Initializing timing engine
Parsing XDC File [c:/Users/mithi/RISV/RISV.gen/sources_1/ip/Divideru/Divideru_ooc.xdc] for cell 'U0'
Finished Parsing XDC File [c:/Users/mithi/RISV/RISV.gen/sources_1/ip/Divideru/Divideru_ooc.xdc] for cell 'U0'
Parsing XDC File [C:/Users/mithi/RISV/RISV.runs/Divideru_synth_1/dont_touch.xdc]
Finished Parsing XDC File [C:/Users/mithi/RISV/RISV.runs/Divideru_synth_1/dont_touch.xdc]
Completed Processing XDC Constraints

Netlist sorting complete. Time (s): cpu = 00:00:00 ; elapsed = 00:00:00.001 . Memory (MB): peak = 1015.137 ; gain = 0.000
INFO: [Project 1-111] Unisim Transformation Summary:
No Unisim elements were transformed.

Constraint Validation Runtime : Time (s): cpu = 00:00:00 ; elapsed = 00:00:00.061 . Memory (MB): peak = 1027.395 ; gain = 12.258
---------------------------------------------------------------------------------
Finished Constraint Validation : Time (s): cpu = 00:00:21 ; elapsed = 00:00:23 . Memory (MB): peak = 1027.395 ; gain = 18.895
---------------------------------------------------------------------------------
---------------------------------------------------------------------------------
Start Loading Part and Timing Information
---------------------------------------------------------------------------------
Loading part: xc7a35tftg256-1
---------------------------------------------------------------------------------
Finished Loading Part and Timing Information : Time (s): cpu = 00:00:21 ; elapsed = 00:00:23 . Memory (MB): peak = 1027.395 ; gain = 18.895
---------------------------------------------------------------------------------
---------------------------------------------------------------------------------
Start Applying 'set_property' XDC Constraints
---------------------------------------------------------------------------------
Applied set_property KEEP_HIERARCHY = SOFT for U0. (constraint file  C:/Users/mithi/RISV/RISV.runs/Divideru_synth_1/dont_touch.xdc, line 9).
---------------------------------------------------------------------------------
Finished applying 'set_property' XDC Constraints : Time (s): cpu = 00:00:21 ; elapsed = 00:00:23 . Memory (MB): peak = 1027.395 ; gain = 18.895
---------------------------------------------------------------------------------
---------------------------------------------------------------------------------
Finished RTL Optimization Phase 2 : Time (s): cpu = 00:00:22 ; elapsed = 00:00:24 . Memory (MB): peak = 1027.395 ; gain = 18.895
---------------------------------------------------------------------------------
---------------------------------------------------------------------------------
Start RTL Component Statistics 
---------------------------------------------------------------------------------
---------------------------------------------------------------------------------
Finished RTL Component Statistics 
---------------------------------------------------------------------------------
---------------------------------------------------------------------------------
Start Part Resource Summary
---------------------------------------------------------------------------------
Part Resources:
DSPs: 90 (col length:60)
BRAMs: 100 (col length: RAMB18 60 RAMB36 30)
---------------------------------------------------------------------------------
Finished Part Resource Summary
---------------------------------------------------------------------------------
---------------------------------------------------------------------------------
Start Cross Boundary and Area Optimization
---------------------------------------------------------------------------------
---------------------------------------------------------------------------------
Finished Cross Boundary and Area Optimization : Time (s): cpu = 00:00:25 ; elapsed = 00:00:27 . Memory (MB): peak = 1027.395 ; gain = 18.895
---------------------------------------------------------------------------------
---------------------------------------------------------------------------------
Start Applying XDC Timing Constraints
---------------------------------------------------------------------------------
---------------------------------------------------------------------------------
Finished Applying XDC Timing Constraints : Time (s): cpu = 00:00:32 ; elapsed = 00:00:34 . Memory (MB): peak = 1027.395 ; gain = 18.895
---------------------------------------------------------------------------------
---------------------------------------------------------------------------------
Start Timing Optimization
---------------------------------------------------------------------------------
---------------------------------------------------------------------------------
Finished Timing Optimization : Time (s): cpu = 00:00:32 ; elapsed = 00:00:34 . Memory (MB): peak = 1027.395 ; gain = 18.895
---------------------------------------------------------------------------------
---------------------------------------------------------------------------------
Start Technology Mapping
---------------------------------------------------------------------------------
---------------------------------------------------------------------------------
Finished Technology Mapping : Time (s): cpu = 00:00:32 ; elapsed = 00:00:34 . Memory (MB): peak = 1027.395 ; gain = 18.895
---------------------------------------------------------------------------------
---------------------------------------------------------------------------------
Start IO Insertion
---------------------------------------------------------------------------------
---------------------------------------------------------------------------------
Start Flattening Before IO Insertion
---------------------------------------------------------------------------------
---------------------------------------------------------------------------------
Finished Flattening Before IO Insertion
---------------------------------------------------------------------------------
---------------------------------------------------------------------------------
Start Final Netlist Cleanup
---------------------------------------------------------------------------------
---------------------------------------------------------------------------------
Finished Final Netlist Cleanup
---------------------------------------------------------------------------------
---------------------------------------------------------------------------------
Finished IO Insertion : Time (s): cpu = 00:00:37 ; elapsed = 00:00:39 . Memory (MB): peak = 1028.074 ; gain = 19.574
---------------------------------------------------------------------------------
---------------------------------------------------------------------------------
Start Renaming Generated Instances
---------------------------------------------------------------------------------
---------------------------------------------------------------------------------
Finished Renaming Generated Instances : Time (s): cpu = 00:00:37 ; elapsed = 00:00:39 . Memory (MB): peak = 1028.074 ; gain = 19.574
---------------------------------------------------------------------------------
---------------------------------------------------------------------------------
Start Rebuilding User Hierarchy
---------------------------------------------------------------------------------
---------------------------------------------------------------------------------
Finished Rebuilding User Hierarchy : Time (s): cpu = 00:00:37 ; elapsed = 00:00:39 . Memory (MB): peak = 1028.074 ; gain = 19.574
---------------------------------------------------------------------------------
---------------------------------------------------------------------------------
Start Renaming Generated Ports
---------------------------------------------------------------------------------
---------------------------------------------------------------------------------
Finished Renaming Generated Ports : Time (s): cpu = 00:00:37 ; elapsed = 00:00:39 . Memory (MB): peak = 1028.074 ; gain = 19.574
---------------------------------------------------------------------------------
---------------------------------------------------------------------------------
Start Handling Custom Attributes
---------------------------------------------------------------------------------
---------------------------------------------------------------------------------
Finished Handling Custom Attributes : Time (s): cpu = 00:00:37 ; elapsed = 00:00:39 . Memory (MB): peak = 1028.074 ; gain = 19.574
---------------------------------------------------------------------------------
---------------------------------------------------------------------------------
Start Renaming Generated Nets
---------------------------------------------------------------------------------
---------------------------------------------------------------------------------
Finished Renaming Generated Nets : Time (s): cpu = 00:00:37 ; elapsed = 00:00:39 . Memory (MB): peak = 1028.074 ; gain = 19.574
---------------------------------------------------------------------------------
---------------------------------------------------------------------------------
Start Writing Synthesis Report
---------------------------------------------------------------------------------

Report BlackBoxes: 
+-+--------------+----------+
| |BlackBox name |Instances |
+-+--------------+----------+
+-+--------------+----------+

Report Cell Usage: 
+------+--------+------+
|      |Cell    |Count |
+------+--------+------+
|1     |LUT1    |    33|
|2     |LUT2    |    46|
|3     |LUT3    |   164|
|4     |LUT4    |   102|
|5     |LUT6    |     8|
|6     |MUXCY   |   165|
|7     |MUXF7   |     4|
|8     |SRLC32E |     2|
|9     |XORCY   |   165|
|10    |FDRE    |   776|
+------+--------+------+
---------------------------------------------------------------------------------
Finished Writing Synthesis Report : Time (s): cpu = 00:00:37 ; elapsed = 00:00:39 . Memory (MB): peak = 1028.074 ; gain = 19.574
---------------------------------------------------------------------------------
Synthesis finished with 0 errors, 0 critical warnings and 0 warnings.
Synthesis Optimization Runtime : Time (s): cpu = 00:00:21 ; elapsed = 00:00:37 . Memory (MB): peak = 1028.074 ; gain = 0.680
Synthesis Optimization Complete : Time (s): cpu = 00:00:37 ; elapsed = 00:00:40 . Memory (MB): peak = 1028.074 ; gain = 19.574
INFO: [Project 1-571] Translating synthesized netlist
Netlist sorting complete. Time (s): cpu = 00:00:00 ; elapsed = 00:00:00.050 . Memory (MB): peak = 1028.074 ; gain = 0.000
INFO: [Netlist 29-17] Analyzing 334 Unisim elements for replacement
INFO: [Netlist 29-28] Unisim Transformation completed in 0 CPU seconds
INFO: [Project 1-570] Preparing netlist for logic optimization
INFO: [Opt 31-138] Pushed 0 inverter(s) to 0 load pin(s).
Netlist sorting complete. Time (s): cpu = 00:00:00 ; elapsed = 00:00:00.001 . Memory (MB): peak = 1047.383 ; gain = 0.000
INFO: [Project 1-111] Unisim Transformation Summary:
  A total of 45 instances were transformed.
  (MUXCY,XORCY) => CARRY4: 45 instances

INFO: [Common 17-83] Releasing license: Synthesis
19 Infos, 0 Warnings, 0 Critical Warnings and 0 Errors encountered.
synth_design completed successfully
synth_design: Time (s): cpu = 00:00:44 ; elapsed = 00:00:48 . Memory (MB): peak = 1047.383 ; gain = 38.883
INFO: [Common 17-1381] The checkpoint 'C:/Users/mithi/RISV/RISV.runs/Divideru_synth_1/Divideru.dcp' has been generated.
WARNING: [Common 17-576] 'use_project_ipc' is deprecated. This option is deprecated and no longer used.
INFO: [Coretcl 2-1648] Added synthesis output to IP cache for IP Divideru, cache-ID = 617fe66fe9a3bfda
INFO: [Coretcl 2-1174] Renamed 93 cell refs.
INFO: [Common 17-1381] The checkpoint 'C:/Users/mithi/RISV/RISV.runs/Divideru_synth_1/Divideru.dcp' has been generated.
INFO: [runtcl-4] Executing : report_utilization -file Divideru_utilization_synth.rpt -pb Divideru_utilization_synth.pb
INFO: [Common 17-206] Exiting Vivado at Fri Sep  3 09:08:00 2021...
