INFO: [VRFC 10-2263] Analyzing Verilog file "C:/Users/mithi/RISV/RISV.gen/sources_1/ip/fpd_cmp/fpd_cmp_sim_netlist.v" into library xil_defaultlib
INFO: [VRFC 10-311] analyzing module fpd_cmp
INFO: [VRFC 10-311] analyzing module fpd_cmp_floating_point_v7_1_11
INFO: [VRFC 10-311] analyzing module fpd_cmp_carry_chain
INFO: [VRFC 10-311] analyzing module fpd_cmp_carry_chain__parameterized0
INFO: [VRFC 10-311] analyzing module fpd_cmp_carry_chain__parameterized0_2
INFO: [VRFC 10-311] analyzing module fpd_cmp_carry_chain__parameterized1
INFO: [VRFC 10-311] analyzing module fpd_cmp_carry_chain__parameterized1_3
INFO: [VRFC 10-311] analyzing module fpd_cmp_carry_chain__parameterized2
INFO: [VRFC 10-311] analyzing module fpd_cmp_carry_chain__parameterized3
INFO: [VRFC 10-311] analyzing module fpd_cmp_compare_eq
INFO: [VRFC 10-311] analyzing module fpd_cmp_compare_eq_im
INFO: [VRFC 10-311] analyzing module fpd_cmp_compare_eq_im__parameterized0
INFO: [VRFC 10-311] analyzing module fpd_cmp_compare_eq_im__parameterized0_0
INFO: [VRFC 10-311] analyzing module fpd_cmp_compare_gt
INFO: [VRFC 10-311] analyzing module fpd_cmp_compare_ne_im
INFO: [VRFC 10-311] analyzing module fpd_cmp_compare_ne_im_1
INFO: [VRFC 10-311] analyzing module fpd_cmp_delay__parameterized5
INFO: [VRFC 10-311] analyzing module fpd_cmp_delay__parameterized6
INFO: [VRFC 10-311] analyzing module fpd_cmp_delay__parameterized7
INFO: [VRFC 10-311] analyzing module fpd_cmp_floating_point_v7_1_11_viv
INFO: [VRFC 10-311] analyzing module fpd_cmp_fp_cmp
INFO: [VRFC 10-311] analyzing module fpd_cmp_xbip_pipe_v3_0_6_viv
INFO: [VRFC 10-311] analyzing module fpd_cmp_xbip_pipe_v3_0_6_viv__parameterized13
INFO: [VRFC 10-311] analyzing module fpd_cmp_xbip_pipe_v3_0_6_viv__parameterized15
INFO: [VRFC 10-311] analyzing module fpd_cmp_xbip_pipe_v3_0_6_viv__parameterized17
INFO: [VRFC 10-311] analyzing module glbl
INFO: [VRFC 10-2263] Analyzing Verilog file "C:/Users/mithi/RISV/RISV.gen/sources_1/ip/fpd_add/fpd_add_sim_netlist.v" into library xil_defaultlib
INFO: [VRFC 10-311] analyzing module fpd_add
INFO: [VRFC 10-311] analyzing module fpd_add_floating_point_v7_1_11
INFO: [VRFC 10-311] analyzing module fpd_add_addsub
INFO: [VRFC 10-311] analyzing module fpd_add_addsub_dsp
INFO: [VRFC 10-311] analyzing module fpd_add_align_add
INFO: [VRFC 10-311] analyzing module fpd_add_alignment
INFO: [VRFC 10-311] analyzing module fpd_add_carry_chain
INFO: [VRFC 10-311] analyzing module fpd_add_carry_chain__parameterized0
INFO: [VRFC 10-311] analyzing module fpd_add_carry_chain__parameterized0_35
INFO: [VRFC 10-311] analyzing module fpd_add_carry_chain__parameterized1
INFO: [VRFC 10-311] analyzing module fpd_add_carry_chain__parameterized2
INFO: [VRFC 10-311] analyzing module fpd_add_carry_chain__parameterized3
INFO: [VRFC 10-311] analyzing module fpd_add_carry_chain__parameterized4
INFO: [VRFC 10-311] analyzing module fpd_add_carry_chain__parameterized4_2
INFO: [VRFC 10-311] analyzing module fpd_add_carry_chain__parameterized5
INFO: [VRFC 10-311] analyzing module fpd_add_carry_chain__parameterized5_24
INFO: [VRFC 10-311] analyzing module fpd_add_carry_chain__parameterized6
INFO: [VRFC 10-311] analyzing module fpd_add_carry_chain__parameterized6_15
INFO: [VRFC 10-311] analyzing module fpd_add_carry_chain__parameterized7
INFO: [VRFC 10-311] analyzing module fpd_add_carry_chain__parameterized8
INFO: [VRFC 10-311] analyzing module fpd_add_compare
INFO: [VRFC 10-311] analyzing module fpd_add_compare_eq
INFO: [VRFC 10-311] analyzing module fpd_add_compare_eq_im
INFO: [VRFC 10-311] analyzing module fpd_add_compare_eq_im__parameterized0
INFO: [VRFC 10-311] analyzing module fpd_add_compare_eq_im__parameterized0_23
INFO: [VRFC 10-311] analyzing module fpd_add_compare_gt
INFO: [VRFC 10-311] analyzing module fpd_add_compare_gt_14
INFO: [VRFC 10-311] analyzing module fpd_add_delay
INFO: [VRFC 10-311] analyzing module fpd_add_delay_0
INFO: [VRFC 10-311] analyzing module fpd_add_delay__parameterized0
INFO: [VRFC 10-311] analyzing module fpd_add_delay__parameterized0_1
INFO: [VRFC 10-311] analyzing module fpd_add_delay__parameterized0_12
INFO: [VRFC 10-311] analyzing module fpd_add_delay__parameterized0_7
INFO: [VRFC 10-311] analyzing module fpd_add_delay__parameterized0_9
INFO: [VRFC 10-311] analyzing module fpd_add_delay__parameterized10
INFO: [VRFC 10-311] analyzing module fpd_add_delay__parameterized10_18
INFO: [VRFC 10-311] analyzing module fpd_add_delay__parameterized10_19
INFO: [VRFC 10-311] analyzing module fpd_add_delay__parameterized10_21
INFO: [VRFC 10-311] analyzing module fpd_add_delay__parameterized10_22
INFO: [VRFC 10-311] analyzing module fpd_add_delay__parameterized10_33
INFO: [VRFC 10-311] analyzing module fpd_add_delay__parameterized28
INFO: [VRFC 10-311] analyzing module fpd_add_delay__parameterized28_11
INFO: [VRFC 10-311] analyzing module fpd_add_delay__parameterized28_3
INFO: [VRFC 10-311] analyzing module fpd_add_delay__parameterized28_4
INFO: [VRFC 10-311] analyzing module fpd_add_delay__parameterized31
INFO: [VRFC 10-311] analyzing module fpd_add_delay__parameterized41
INFO: [VRFC 10-311] analyzing module fpd_add_delay__parameterized41_8
INFO: [VRFC 10-311] analyzing module fpd_add_delay__parameterized42
INFO: [VRFC 10-311] analyzing module fpd_add_delay__parameterized43
INFO: [VRFC 10-311] analyzing module fpd_add_delay__parameterized44
INFO: [VRFC 10-311] analyzing module fpd_add_delay__parameterized45
INFO: [VRFC 10-311] analyzing module fpd_add_delay__parameterized48
INFO: [VRFC 10-311] analyzing module fpd_add_delay__parameterized49
INFO: [VRFC 10-311] analyzing module fpd_add_dsp48e1_wrapper
INFO: [VRFC 10-311] analyzing module fpd_add_dsp48e1_wrapper__parameterized0
INFO: [VRFC 10-311] analyzing module fpd_add_dsp48e1_wrapper__parameterized1
INFO: [VRFC 10-311] analyzing module fpd_add_floating_point_v7_1_11_viv
INFO: [VRFC 10-311] analyzing module fpd_add_flt_add
INFO: [VRFC 10-311] analyzing module fpd_add_flt_add_exp
INFO: [VRFC 10-311] analyzing module fpd_add_flt_add_logic
INFO: [VRFC 10-311] analyzing module fpd_add_flt_dec_op
INFO: [VRFC 10-311] analyzing module fpd_add_flt_round_bit
INFO: [VRFC 10-311] analyzing module fpd_add_lead_zero_encode
INFO: [VRFC 10-311] analyzing module fpd_add_norm_and_round_logic
INFO: [VRFC 10-311] analyzing module fpd_add_renorm_and_round_logic
INFO: [VRFC 10-311] analyzing module fpd_add_shift_msb_first__parameterized0
INFO: [VRFC 10-311] analyzing module fpd_add_special_detect
INFO: [VRFC 10-311] analyzing module fpd_add_special_detect_10
INFO: [VRFC 10-311] analyzing module fpd_add_xbip_pipe_v3_0_6_viv
INFO: [VRFC 10-311] analyzing module fpd_add_xbip_pipe_v3_0_6_viv__parameterized1
INFO: [VRFC 10-311] analyzing module fpd_add_xbip_pipe_v3_0_6_viv__parameterized1_31
INFO: [VRFC 10-311] analyzing module fpd_add_xbip_pipe_v3_0_6_viv__parameterized21
INFO: [VRFC 10-311] analyzing module fpd_add_xbip_pipe_v3_0_6_viv__parameterized21_20
INFO: [VRFC 10-311] analyzing module fpd_add_xbip_pipe_v3_0_6_viv__parameterized21_25
INFO: [VRFC 10-311] analyzing module fpd_add_xbip_pipe_v3_0_6_viv__parameterized21_26
INFO: [VRFC 10-311] analyzing module fpd_add_xbip_pipe_v3_0_6_viv__parameterized21_27
INFO: [VRFC 10-311] analyzing module fpd_add_xbip_pipe_v3_0_6_viv__parameterized21_34
INFO: [VRFC 10-311] analyzing module fpd_add_xbip_pipe_v3_0_6_viv__parameterized3
INFO: [VRFC 10-311] analyzing module fpd_add_xbip_pipe_v3_0_6_viv__parameterized3_13
INFO: [VRFC 10-311] analyzing module fpd_add_xbip_pipe_v3_0_6_viv__parameterized3_28
INFO: [VRFC 10-311] analyzing module fpd_add_xbip_pipe_v3_0_6_viv__parameterized3_29
INFO: [VRFC 10-311] analyzing module fpd_add_xbip_pipe_v3_0_6_viv__parameterized3_32
INFO: [VRFC 10-311] analyzing module fpd_add_xbip_pipe_v3_0_6_viv__parameterized53
INFO: [VRFC 10-311] analyzing module fpd_add_xbip_pipe_v3_0_6_viv__parameterized53_16
INFO: [VRFC 10-311] analyzing module fpd_add_xbip_pipe_v3_0_6_viv__parameterized53_5
INFO: [VRFC 10-311] analyzing module fpd_add_xbip_pipe_v3_0_6_viv__parameterized53_6
INFO: [VRFC 10-311] analyzing module fpd_add_xbip_pipe_v3_0_6_viv__parameterized57
INFO: [VRFC 10-311] analyzing module fpd_add_xbip_pipe_v3_0_6_viv__parameterized69
INFO: [VRFC 10-311] analyzing module fpd_add_xbip_pipe_v3_0_6_viv__parameterized69_30
INFO: [VRFC 10-311] analyzing module fpd_add_xbip_pipe_v3_0_6_viv__parameterized71
INFO: [VRFC 10-311] analyzing module fpd_add_xbip_pipe_v3_0_6_viv__parameterized73
INFO: [VRFC 10-311] analyzing module fpd_add_xbip_pipe_v3_0_6_viv__parameterized75
INFO: [VRFC 10-311] analyzing module fpd_add_xbip_pipe_v3_0_6_viv__parameterized75_17
INFO: [VRFC 10-311] analyzing module fpd_add_xbip_pipe_v3_0_6_viv__parameterized81
INFO: [VRFC 10-311] analyzing module fpd_add_xbip_pipe_v3_0_6_viv__parameterized83
INFO: [VRFC 10-311] analyzing module fpd_add_zero_det_sel
INFO: [VRFC 10-2263] Analyzing Verilog file "C:/Users/mithi/RISV/RISV.gen/sources_1/ip/fpd_div/fpd_div_sim_netlist.v" into library xil_defaultlib
INFO: [VRFC 10-311] analyzing module fpd_div
INFO: [VRFC 10-311] analyzing module fpd_div_floating_point_v7_1_11
INFO: [VRFC 10-311] analyzing module fpd_div_carry_chain
INFO: [VRFC 10-311] analyzing module fpd_div_carry_chain__parameterized0
INFO: [VRFC 10-311] analyzing module fpd_div_carry_chain__parameterized1
INFO: [VRFC 10-311] analyzing module fpd_div_carry_chain__parameterized2
INFO: [VRFC 10-311] analyzing module fpd_div_carry_chain__parameterized3
INFO: [VRFC 10-311] analyzing module fpd_div_carry_chain__parameterized4
INFO: [VRFC 10-311] analyzing module fpd_div_delay__parameterized11
INFO: [VRFC 10-311] analyzing module fpd_div_delay__parameterized15
INFO: [VRFC 10-311] analyzing module fpd_div_delay__parameterized15_0
INFO: [VRFC 10-311] analyzing module fpd_div_delay__parameterized16
INFO: [VRFC 10-311] analyzing module fpd_div_delay__parameterized17
INFO: [VRFC 10-311] analyzing module fpd_div_delay__parameterized18
INFO: [VRFC 10-311] analyzing module fpd_div_delay__parameterized20
INFO: [VRFC 10-311] analyzing module fpd_div_delay__parameterized21
INFO: [VRFC 10-311] analyzing module fpd_div_delay__parameterized22
INFO: [VRFC 10-311] analyzing module fpd_div_delay__parameterized23
INFO: [VRFC 10-311] analyzing module fpd_div_delay__parameterized24
INFO: [VRFC 10-311] analyzing module fpd_div_delay__parameterized3
INFO: [VRFC 10-311] analyzing module fpd_div_delay__parameterized6
INFO: [VRFC 10-311] analyzing module fpd_div_delay__parameterized9
INFO: [VRFC 10-311] analyzing module fpd_div_floating_point_v7_1_11_viv
INFO: [VRFC 10-311] analyzing module fpd_div_flt_dec_op_lat
INFO: [VRFC 10-311] analyzing module fpd_div_flt_div
INFO: [VRFC 10-311] analyzing module fpd_div_flt_div_exp
INFO: [VRFC 10-311] analyzing module fpd_div_flt_div_mant
INFO: [VRFC 10-311] analyzing module fpd_div_flt_div_mant_addsub
INFO: [VRFC 10-311] analyzing module fpd_div_flt_div_mant_addsub__parameterized0
INFO: [VRFC 10-311] analyzing module fpd_div_flt_round_bit
INFO: [VRFC 10-311] analyzing module fpd_div_renorm_and_round_logic
INFO: [VRFC 10-311] analyzing module fpd_div_xbip_pipe_v3_0_6_viv
INFO: [VRFC 10-311] analyzing module fpd_div_xbip_pipe_v3_0_6_viv__parameterized13
INFO: [VRFC 10-311] analyzing module fpd_div_xbip_pipe_v3_0_6_viv__parameterized19
INFO: [VRFC 10-311] analyzing module fpd_div_xbip_pipe_v3_0_6_viv__parameterized23
INFO: [VRFC 10-311] analyzing module fpd_div_xbip_pipe_v3_0_6_viv__parameterized29
INFO: [VRFC 10-311] analyzing module fpd_div_xbip_pipe_v3_0_6_viv__parameterized29_1
INFO: [VRFC 10-311] analyzing module fpd_div_xbip_pipe_v3_0_6_viv__parameterized29_3
INFO: [VRFC 10-311] analyzing module fpd_div_xbip_pipe_v3_0_6_viv__parameterized31
INFO: [VRFC 10-311] analyzing module fpd_div_xbip_pipe_v3_0_6_viv__parameterized33
INFO: [VRFC 10-311] analyzing module fpd_div_xbip_pipe_v3_0_6_viv__parameterized37
INFO: [VRFC 10-311] analyzing module fpd_div_xbip_pipe_v3_0_6_viv__parameterized39
INFO: [VRFC 10-311] analyzing module fpd_div_xbip_pipe_v3_0_6_viv__parameterized39_2
INFO: [VRFC 10-311] analyzing module fpd_div_xbip_pipe_v3_0_6_viv__parameterized41
INFO: [VRFC 10-311] analyzing module fpd_div_xbip_pipe_v3_0_6_viv__parameterized43
INFO: [VRFC 10-311] analyzing module fpd_div_xbip_pipe_v3_0_6_viv__parameterized9
INFO: [VRFC 10-2263] Analyzing Verilog file "C:/Users/mithi/RISV/RISV.gen/sources_1/ip/fpd_mul/fpd_mul_sim_netlist.v" into library xil_defaultlib
INFO: [VRFC 10-311] analyzing module fpd_mul
INFO: [VRFC 10-311] analyzing module fpd_mul_floating_point_v7_1_11
INFO: [VRFC 10-311] analyzing module fpd_mul_carry_chain
INFO: [VRFC 10-311] analyzing module fpd_mul_carry_chain__parameterized0
INFO: [VRFC 10-311] analyzing module fpd_mul_carry_chain__parameterized0_11
INFO: [VRFC 10-311] analyzing module fpd_mul_carry_chain__parameterized1
INFO: [VRFC 10-311] analyzing module fpd_mul_carry_chain__parameterized2
INFO: [VRFC 10-311] analyzing module fpd_mul_carry_chain__parameterized2_0
INFO: [VRFC 10-311] analyzing module fpd_mul_compare_eq_im
INFO: [VRFC 10-311] analyzing module fpd_mul_compare_eq_im_10
INFO: [VRFC 10-311] analyzing module fpd_mul_delay__parameterized15
INFO: [VRFC 10-311] analyzing module fpd_mul_delay__parameterized16
INFO: [VRFC 10-311] analyzing module fpd_mul_delay__parameterized16_8
INFO: [VRFC 10-311] analyzing module fpd_mul_delay__parameterized17
INFO: [VRFC 10-311] analyzing module fpd_mul_delay__parameterized18
INFO: [VRFC 10-311] analyzing module fpd_mul_delay__parameterized5
INFO: [VRFC 10-311] analyzing module fpd_mul_delay__parameterized5_2
INFO: [VRFC 10-311] analyzing module fpd_mul_delay__parameterized5_3
INFO: [VRFC 10-311] analyzing module fpd_mul_delay__parameterized7
INFO: [VRFC 10-311] analyzing module fpd_mul_delay__parameterized7_1
INFO: [VRFC 10-311] analyzing module fpd_mul_dsp48e1_wrapper
INFO: [VRFC 10-311] analyzing module fpd_mul_dsp48e1_wrapper__parameterized0
INFO: [VRFC 10-311] analyzing module fpd_mul_dsp48e1_wrapper__parameterized1
INFO: [VRFC 10-311] analyzing module fpd_mul_dsp48e1_wrapper__parameterized2
INFO: [VRFC 10-311] analyzing module fpd_mul_dsp48e1_wrapper__parameterized3
INFO: [VRFC 10-311] analyzing module fpd_mul_dsp48e1_wrapper__parameterized4
INFO: [VRFC 10-311] analyzing module fpd_mul_dsp48e1_wrapper__parameterized5
INFO: [VRFC 10-311] analyzing module fpd_mul_dsp48e1_wrapper__parameterized6
INFO: [VRFC 10-311] analyzing module fpd_mul_dsp48e1_wrapper__parameterized7
INFO: [VRFC 10-311] analyzing module fpd_mul_dsp48e1_wrapper__parameterized8
INFO: [VRFC 10-311] analyzing module fpd_mul_dsp48e1_wrapper__parameterized9
INFO: [VRFC 10-311] analyzing module fpd_mul_fix_mult
INFO: [VRFC 10-311] analyzing module fpd_mul_fix_mult_dsp48e1_dbl
INFO: [VRFC 10-311] analyzing module fpd_mul_floating_point_v7_1_11_viv
INFO: [VRFC 10-311] analyzing module fpd_mul_flt_dec_op_lat
INFO: [VRFC 10-311] analyzing module fpd_mul_flt_mult
INFO: [VRFC 10-311] analyzing module fpd_mul_flt_mult_exp
INFO: [VRFC 10-311] analyzing module fpd_mul_flt_mult_round
INFO: [VRFC 10-311] analyzing module fpd_mul_flt_round_bit
INFO: [VRFC 10-311] analyzing module fpd_mul_renorm_and_round_logic
INFO: [VRFC 10-311] analyzing module fpd_mul_special_detect
INFO: [VRFC 10-311] analyzing module fpd_mul_special_detect_7
INFO: [VRFC 10-311] analyzing module fpd_mul_xbip_pipe_v3_0_6_viv
INFO: [VRFC 10-311] analyzing module fpd_mul_xbip_pipe_v3_0_6_viv__parameterized13
INFO: [VRFC 10-311] analyzing module fpd_mul_xbip_pipe_v3_0_6_viv__parameterized13_4
INFO: [VRFC 10-311] analyzing module fpd_mul_xbip_pipe_v3_0_6_viv__parameterized13_5
INFO: [VRFC 10-311] analyzing module fpd_mul_xbip_pipe_v3_0_6_viv__parameterized17
INFO: [VRFC 10-311] analyzing module fpd_mul_xbip_pipe_v3_0_6_viv__parameterized17_6
INFO: [VRFC 10-311] analyzing module fpd_mul_xbip_pipe_v3_0_6_viv__parameterized31
INFO: [VRFC 10-311] analyzing module fpd_mul_xbip_pipe_v3_0_6_viv__parameterized33
INFO: [VRFC 10-311] analyzing module fpd_mul_xbip_pipe_v3_0_6_viv__parameterized33_9
INFO: [VRFC 10-311] analyzing module fpd_mul_xbip_pipe_v3_0_6_viv__parameterized35
INFO: [VRFC 10-311] analyzing module fpd_mul_xbip_pipe_v3_0_6_viv__parameterized37
INFO: [VRFC 10-2263] Analyzing Verilog file "C:/Users/mithi/RISV/RISV.gen/sources_1/ip/FIFO/FIFO_sim_netlist.v" into library xil_defaultlib
INFO: [VRFC 10-311] analyzing module FIFO
INFO: [VRFC 10-311] analyzing module FIFO_builtin_extdepth_v6
INFO: [VRFC 10-311] analyzing module FIFO_builtin_prim_v6
INFO: [VRFC 10-311] analyzing module FIFO_builtin_top_v6
INFO: [VRFC 10-311] analyzing module FIFO_fifo_generator_top
INFO: [VRFC 10-311] analyzing module FIFO_fifo_generator_v13_2_5
INFO: [VRFC 10-311] analyzing module FIFO_fifo_generator_v13_2_5_builtin
INFO: [VRFC 10-311] analyzing module FIFO_fifo_generator_v13_2_5_synth
INFO: [VRFC 10-311] analyzing module FIFO_reset_builtin
INFO: [VRFC 10-2263] Analyzing Verilog file "C:/Users/mithi/RISV/RISV.gen/sources_1/ip/FIFO_FWFT/FIFO_FWFT_sim_netlist.v" into library xil_defaultlib
INFO: [VRFC 10-311] analyzing module FIFO_FWFT
INFO: [VRFC 10-311] analyzing module FIFO_FWFT_builtin_extdepth_v6
INFO: [VRFC 10-311] analyzing module FIFO_FWFT_builtin_prim_v6
INFO: [VRFC 10-311] analyzing module FIFO_FWFT_builtin_top_v6
INFO: [VRFC 10-311] analyzing module FIFO_FWFT_fifo_generator_top
INFO: [VRFC 10-311] analyzing module FIFO_FWFT_fifo_generator_v13_2_5
INFO: [VRFC 10-311] analyzing module FIFO_FWFT_fifo_generator_v13_2_5_builtin
INFO: [VRFC 10-311] analyzing module FIFO_FWFT_fifo_generator_v13_2_5_synth
INFO: [VRFC 10-311] analyzing module FIFO_FWFT_reset_builtin
INFO: [VRFC 10-2263] Analyzing Verilog file "C:/Users/mithi/RISV/RISV.gen/sources_1/ip/DRAM/sim/DRAM.v" into library xil_defaultlib
INFO: [VRFC 10-311] analyzing module DRAM
INFO: [VRFC 10-2263] Analyzing Verilog file "C:/Users/mithi/RISV/RISV.gen/sources_1/ip/Divideru/Divideru_sim_netlist.v" into library xil_defaultlib
INFO: [VRFC 10-311] analyzing module Divideru
INFO: [VRFC 10-311] analyzing module Divideru_div_gen_v5_1_17
INFO: [VRFC 10-311] analyzing module Divideru_addsubreg_v
INFO: [VRFC 10-311] analyzing module Divideru_addsubreg_v_12
INFO: [VRFC 10-311] analyzing module Divideru_addsubreg_v_23
INFO: [VRFC 10-311] analyzing module Divideru_addsubreg_v_39
INFO: [VRFC 10-311] analyzing module Divideru_addsubreg_v__parameterized0
INFO: [VRFC 10-311] analyzing module Divideru_bip_sdivider_synth
INFO: [VRFC 10-311] analyzing module Divideru_c_addsub_lut6
INFO: [VRFC 10-311] analyzing module Divideru_c_addsub_lut6_50
INFO: [VRFC 10-311] analyzing module Divideru_c_addsub_lut6_55
INFO: [VRFC 10-311] analyzing module Divideru_c_addsub_lut6_60
INFO: [VRFC 10-311] analyzing module Divideru_c_addsub_lut6__parameterized1
INFO: [VRFC 10-311] analyzing module Divideru_c_addsub_viv
INFO: [VRFC 10-311] analyzing module Divideru_c_addsub_viv_49
INFO: [VRFC 10-311] analyzing module Divideru_c_addsub_viv_54
INFO: [VRFC 10-311] analyzing module Divideru_c_addsub_viv_59
INFO: [VRFC 10-311] analyzing module Divideru_c_addsub_viv__parameterized0
INFO: [VRFC 10-311] analyzing module Divideru_div_gen_synth
INFO: [VRFC 10-311] analyzing module Divideru_div_gen_v5_1_17_viv
INFO: [VRFC 10-311] analyzing module Divideru_dividervdc_v
INFO: [VRFC 10-311] analyzing module Divideru_xbip_pipe_v3_0_6_viv
INFO: [VRFC 10-311] analyzing module Divideru_xbip_pipe_v3_0_6_viv__parameterized1
INFO: [VRFC 10-311] analyzing module Divideru_xbip_pipe_v3_0_6_viv__parameterized11
INFO: [VRFC 10-311] analyzing module Divideru_xbip_pipe_v3_0_6_viv__parameterized11_14
INFO: [VRFC 10-311] analyzing module Divideru_xbip_pipe_v3_0_6_viv__parameterized11_25
INFO: [VRFC 10-311] analyzing module Divideru_xbip_pipe_v3_0_6_viv__parameterized11_41
INFO: [VRFC 10-311] analyzing module Divideru_xbip_pipe_v3_0_6_viv__parameterized13
INFO: [VRFC 10-311] analyzing module Divideru_xbip_pipe_v3_0_6_viv__parameterized13_48
INFO: [VRFC 10-311] analyzing module Divideru_xbip_pipe_v3_0_6_viv__parameterized13_51
INFO: [VRFC 10-311] analyzing module Divideru_xbip_pipe_v3_0_6_viv__parameterized13_53
INFO: [VRFC 10-311] analyzing module Divideru_xbip_pipe_v3_0_6_viv__parameterized13_56
INFO: [VRFC 10-311] analyzing module Divideru_xbip_pipe_v3_0_6_viv__parameterized13_58
INFO: [VRFC 10-311] analyzing module Divideru_xbip_pipe_v3_0_6_viv__parameterized13_61
INFO: [VRFC 10-311] analyzing module Divideru_xbip_pipe_v3_0_6_viv__parameterized13_63
INFO: [VRFC 10-311] analyzing module Divideru_xbip_pipe_v3_0_6_viv__parameterized15
INFO: [VRFC 10-311] analyzing module Divideru_xbip_pipe_v3_0_6_viv__parameterized15_52
INFO: [VRFC 10-311] analyzing module Divideru_xbip_pipe_v3_0_6_viv__parameterized15_57
INFO: [VRFC 10-311] analyzing module Divideru_xbip_pipe_v3_0_6_viv__parameterized15_62
INFO: [VRFC 10-311] analyzing module Divideru_xbip_pipe_v3_0_6_viv__parameterized17
INFO: [VRFC 10-311] analyzing module Divideru_xbip_pipe_v3_0_6_viv__parameterized17_10
INFO: [VRFC 10-311] analyzing module Divideru_xbip_pipe_v3_0_6_viv__parameterized17_11
INFO: [VRFC 10-311] analyzing module Divideru_xbip_pipe_v3_0_6_viv__parameterized17_15
INFO: [VRFC 10-311] analyzing module Divideru_xbip_pipe_v3_0_6_viv__parameterized17_16
INFO: [VRFC 10-311] analyzing module Divideru_xbip_pipe_v3_0_6_viv__parameterized17_17
INFO: [VRFC 10-311] analyzing module Divideru_xbip_pipe_v3_0_6_viv__parameterized17_18
INFO: [VRFC 10-311] analyzing module Divideru_xbip_pipe_v3_0_6_viv__parameterized17_19
INFO: [VRFC 10-311] analyzing module Divideru_xbip_pipe_v3_0_6_viv__parameterized17_20
INFO: [VRFC 10-311] analyzing module Divideru_xbip_pipe_v3_0_6_viv__parameterized17_21
INFO: [VRFC 10-311] analyzing module Divideru_xbip_pipe_v3_0_6_viv__parameterized17_22
INFO: [VRFC 10-311] analyzing module Divideru_xbip_pipe_v3_0_6_viv__parameterized17_26
INFO: [VRFC 10-311] analyzing module Divideru_xbip_pipe_v3_0_6_viv__parameterized17_27
INFO: [VRFC 10-311] analyzing module Divideru_xbip_pipe_v3_0_6_viv__parameterized17_28
INFO: [VRFC 10-311] analyzing module Divideru_xbip_pipe_v3_0_6_viv__parameterized17_29
INFO: [VRFC 10-311] analyzing module Divideru_xbip_pipe_v3_0_6_viv__parameterized17_30
INFO: [VRFC 10-311] analyzing module Divideru_xbip_pipe_v3_0_6_viv__parameterized17_31
INFO: [VRFC 10-311] analyzing module Divideru_xbip_pipe_v3_0_6_viv__parameterized17_32
INFO: [VRFC 10-311] analyzing module Divideru_xbip_pipe_v3_0_6_viv__parameterized17_33
INFO: [VRFC 10-311] analyzing module Divideru_xbip_pipe_v3_0_6_viv__parameterized17_34
INFO: [VRFC 10-311] analyzing module Divideru_xbip_pipe_v3_0_6_viv__parameterized17_35
INFO: [VRFC 10-311] analyzing module Divideru_xbip_pipe_v3_0_6_viv__parameterized17_36
INFO: [VRFC 10-311] analyzing module Divideru_xbip_pipe_v3_0_6_viv__parameterized17_37
INFO: [VRFC 10-311] analyzing module Divideru_xbip_pipe_v3_0_6_viv__parameterized17_38
INFO: [VRFC 10-311] analyzing module Divideru_xbip_pipe_v3_0_6_viv__parameterized17_42
INFO: [VRFC 10-311] analyzing module Divideru_xbip_pipe_v3_0_6_viv__parameterized17_7
INFO: [VRFC 10-311] analyzing module Divideru_xbip_pipe_v3_0_6_viv__parameterized17_8
INFO: [VRFC 10-311] analyzing module Divideru_xbip_pipe_v3_0_6_viv__parameterized17_9
INFO: [VRFC 10-311] analyzing module Divideru_xbip_pipe_v3_0_6_viv__parameterized19
INFO: [VRFC 10-311] analyzing module Divideru_xbip_pipe_v3_0_6_viv__parameterized1_44
INFO: [VRFC 10-311] analyzing module Divideru_xbip_pipe_v3_0_6_viv__parameterized21
INFO: [VRFC 10-311] analyzing module Divideru_xbip_pipe_v3_0_6_viv__parameterized23
INFO: [VRFC 10-311] analyzing module Divideru_xbip_pipe_v3_0_6_viv__parameterized25
INFO: [VRFC 10-311] analyzing module Divideru_xbip_pipe_v3_0_6_viv__parameterized27
INFO: [VRFC 10-311] analyzing module Divideru_xbip_pipe_v3_0_6_viv__parameterized29
INFO: [VRFC 10-311] analyzing module Divideru_xbip_pipe_v3_0_6_viv__parameterized3
INFO: [VRFC 10-311] analyzing module Divideru_xbip_pipe_v3_0_6_viv__parameterized31
INFO: [VRFC 10-311] analyzing module Divideru_xbip_pipe_v3_0_6_viv__parameterized34
INFO: [VRFC 10-311] analyzing module Divideru_xbip_pipe_v3_0_6_viv__parameterized3_0
INFO: [VRFC 10-311] analyzing module Divideru_xbip_pipe_v3_0_6_viv__parameterized3_1
INFO: [VRFC 10-311] analyzing module Divideru_xbip_pipe_v3_0_6_viv__parameterized3_2
INFO: [VRFC 10-311] analyzing module Divideru_xbip_pipe_v3_0_6_viv__parameterized3_3
INFO: [VRFC 10-311] analyzing module Divideru_xbip_pipe_v3_0_6_viv__parameterized3_4
INFO: [VRFC 10-311] analyzing module Divideru_xbip_pipe_v3_0_6_viv__parameterized3_46
INFO: [VRFC 10-311] analyzing module Divideru_xbip_pipe_v3_0_6_viv__parameterized3_47
INFO: [VRFC 10-311] analyzing module Divideru_xbip_pipe_v3_0_6_viv__parameterized3_5
INFO: [VRFC 10-311] analyzing module Divideru_xbip_pipe_v3_0_6_viv__parameterized3_6
INFO: [VRFC 10-311] analyzing module Divideru_xbip_pipe_v3_0_6_viv__parameterized5
INFO: [VRFC 10-311] analyzing module Divideru_xbip_pipe_v3_0_6_viv__parameterized7
INFO: [VRFC 10-311] analyzing module Divideru_xbip_pipe_v3_0_6_viv__parameterized7_45
INFO: [VRFC 10-311] analyzing module Divideru_xbip_pipe_v3_0_6_viv__parameterized9
INFO: [VRFC 10-311] analyzing module Divideru_xbip_pipe_v3_0_6_viv__parameterized9_13
INFO: [VRFC 10-311] analyzing module Divideru_xbip_pipe_v3_0_6_viv__parameterized9_24
INFO: [VRFC 10-311] analyzing module Divideru_xbip_pipe_v3_0_6_viv__parameterized9_40
INFO: [VRFC 10-311] analyzing module Divideru_xbip_pipe_v3_0_6_viv__parameterized9_43
INFO: [VRFC 10-2263] Analyzing Verilog file "C:/Users/mithi/RISV/RISV.gen/sources_1/ip/Dividers/Dividers_sim_netlist.v" into library xil_defaultlib
INFO: [VRFC 10-311] analyzing module Dividers
INFO: [VRFC 10-311] analyzing module Dividers_div_gen_v5_1_17
INFO: [VRFC 10-311] analyzing module Dividers_addsubreg_v
INFO: [VRFC 10-311] analyzing module Dividers_addsubreg_v_20
INFO: [VRFC 10-311] analyzing module Dividers_addsubreg_v_31
INFO: [VRFC 10-311] analyzing module Dividers_addsubreg_v_47
INFO: [VRFC 10-311] analyzing module Dividers_addsubreg_v__parameterized0
INFO: [VRFC 10-311] analyzing module Dividers_bip_sdivider_synth
INFO: [VRFC 10-311] analyzing module Dividers_c_addsub_lut6
INFO: [VRFC 10-311] analyzing module Dividers_c_addsub_lut6_58
INFO: [VRFC 10-311] analyzing module Dividers_c_addsub_lut6_63
INFO: [VRFC 10-311] analyzing module Dividers_c_addsub_lut6_68
INFO: [VRFC 10-311] analyzing module Dividers_c_addsub_lut6__parameterized1
INFO: [VRFC 10-311] analyzing module Dividers_c_addsub_viv
INFO: [VRFC 10-311] analyzing module Dividers_c_addsub_viv_57
INFO: [VRFC 10-311] analyzing module Dividers_c_addsub_viv_62
INFO: [VRFC 10-311] analyzing module Dividers_c_addsub_viv_67
INFO: [VRFC 10-311] analyzing module Dividers_c_addsub_viv__parameterized0
INFO: [VRFC 10-311] analyzing module Dividers_c_twos_comp_viv
INFO: [VRFC 10-311] analyzing module Dividers_c_twos_comp_viv__parameterized0
INFO: [VRFC 10-311] analyzing module Dividers_c_twos_comp_viv__parameterized1
INFO: [VRFC 10-311] analyzing module Dividers_c_twos_comp_viv__parameterized1_5
INFO: [VRFC 10-311] analyzing module Dividers_cmp2s_v
INFO: [VRFC 10-311] analyzing module Dividers_cmp2s_v__parameterized0
INFO: [VRFC 10-311] analyzing module Dividers_cmp2s_v__parameterized1
INFO: [VRFC 10-311] analyzing module Dividers_cmp2s_v__parameterized1_4
INFO: [VRFC 10-311] analyzing module Dividers_div_gen_synth
INFO: [VRFC 10-311] analyzing module Dividers_div_gen_v5_1_17_viv
INFO: [VRFC 10-311] analyzing module Dividers_dividervdc_v
INFO: [VRFC 10-311] analyzing module Dividers_xbip_pipe_v3_0_6_viv
INFO: [VRFC 10-311] analyzing module Dividers_xbip_pipe_v3_0_6_viv__parameterized1
INFO: [VRFC 10-311] analyzing module Dividers_xbip_pipe_v3_0_6_viv__parameterized11
INFO: [VRFC 10-311] analyzing module Dividers_xbip_pipe_v3_0_6_viv__parameterized11_21
INFO: [VRFC 10-311] analyzing module Dividers_xbip_pipe_v3_0_6_viv__parameterized11_32
INFO: [VRFC 10-311] analyzing module Dividers_xbip_pipe_v3_0_6_viv__parameterized11_48
INFO: [VRFC 10-311] analyzing module Dividers_xbip_pipe_v3_0_6_viv__parameterized11_51
INFO: [VRFC 10-311] analyzing module Dividers_xbip_pipe_v3_0_6_viv__parameterized13
INFO: [VRFC 10-311] analyzing module Dividers_xbip_pipe_v3_0_6_viv__parameterized13_22
INFO: [VRFC 10-311] analyzing module Dividers_xbip_pipe_v3_0_6_viv__parameterized13_33
INFO: [VRFC 10-311] analyzing module Dividers_xbip_pipe_v3_0_6_viv__parameterized13_49
INFO: [VRFC 10-311] analyzing module Dividers_xbip_pipe_v3_0_6_viv__parameterized15
INFO: [VRFC 10-311] analyzing module Dividers_xbip_pipe_v3_0_6_viv__parameterized15_56
INFO: [VRFC 10-311] analyzing module Dividers_xbip_pipe_v3_0_6_viv__parameterized15_59
INFO: [VRFC 10-311] analyzing module Dividers_xbip_pipe_v3_0_6_viv__parameterized15_61
INFO: [VRFC 10-311] analyzing module Dividers_xbip_pipe_v3_0_6_viv__parameterized15_64
INFO: [VRFC 10-311] analyzing module Dividers_xbip_pipe_v3_0_6_viv__parameterized15_66
INFO: [VRFC 10-311] analyzing module Dividers_xbip_pipe_v3_0_6_viv__parameterized15_69
INFO: [VRFC 10-311] analyzing module Dividers_xbip_pipe_v3_0_6_viv__parameterized15_71
INFO: [VRFC 10-311] analyzing module Dividers_xbip_pipe_v3_0_6_viv__parameterized17
INFO: [VRFC 10-311] analyzing module Dividers_xbip_pipe_v3_0_6_viv__parameterized17_60
INFO: [VRFC 10-311] analyzing module Dividers_xbip_pipe_v3_0_6_viv__parameterized17_65
INFO: [VRFC 10-311] analyzing module Dividers_xbip_pipe_v3_0_6_viv__parameterized17_70
INFO: [VRFC 10-311] analyzing module Dividers_xbip_pipe_v3_0_6_viv__parameterized19
INFO: [VRFC 10-311] analyzing module Dividers_xbip_pipe_v3_0_6_viv__parameterized19_15
INFO: [VRFC 10-311] analyzing module Dividers_xbip_pipe_v3_0_6_viv__parameterized19_16
INFO: [VRFC 10-311] analyzing module Dividers_xbip_pipe_v3_0_6_viv__parameterized19_17
INFO: [VRFC 10-311] analyzing module Dividers_xbip_pipe_v3_0_6_viv__parameterized19_18
INFO: [VRFC 10-311] analyzing module Dividers_xbip_pipe_v3_0_6_viv__parameterized19_19
INFO: [VRFC 10-311] analyzing module Dividers_xbip_pipe_v3_0_6_viv__parameterized19_23
INFO: [VRFC 10-311] analyzing module Dividers_xbip_pipe_v3_0_6_viv__parameterized19_24
INFO: [VRFC 10-311] analyzing module Dividers_xbip_pipe_v3_0_6_viv__parameterized19_25
INFO: [VRFC 10-311] analyzing module Dividers_xbip_pipe_v3_0_6_viv__parameterized19_26
INFO: [VRFC 10-311] analyzing module Dividers_xbip_pipe_v3_0_6_viv__parameterized19_27
INFO: [VRFC 10-311] analyzing module Dividers_xbip_pipe_v3_0_6_viv__parameterized19_28
INFO: [VRFC 10-311] analyzing module Dividers_xbip_pipe_v3_0_6_viv__parameterized19_29
INFO: [VRFC 10-311] analyzing module Dividers_xbip_pipe_v3_0_6_viv__parameterized19_30
INFO: [VRFC 10-311] analyzing module Dividers_xbip_pipe_v3_0_6_viv__parameterized19_34
INFO: [VRFC 10-311] analyzing module Dividers_xbip_pipe_v3_0_6_viv__parameterized19_35
INFO: [VRFC 10-311] analyzing module Dividers_xbip_pipe_v3_0_6_viv__parameterized19_36
INFO: [VRFC 10-311] analyzing module Dividers_xbip_pipe_v3_0_6_viv__parameterized19_37
INFO: [VRFC 10-311] analyzing module Dividers_xbip_pipe_v3_0_6_viv__parameterized19_38
INFO: [VRFC 10-311] analyzing module Dividers_xbip_pipe_v3_0_6_viv__parameterized19_39
INFO: [VRFC 10-311] analyzing module Dividers_xbip_pipe_v3_0_6_viv__parameterized19_40
INFO: [VRFC 10-311] analyzing module Dividers_xbip_pipe_v3_0_6_viv__parameterized19_41
INFO: [VRFC 10-311] analyzing module Dividers_xbip_pipe_v3_0_6_viv__parameterized19_42
INFO: [VRFC 10-311] analyzing module Dividers_xbip_pipe_v3_0_6_viv__parameterized19_43
INFO: [VRFC 10-311] analyzing module Dividers_xbip_pipe_v3_0_6_viv__parameterized19_44
INFO: [VRFC 10-311] analyzing module Dividers_xbip_pipe_v3_0_6_viv__parameterized19_45
INFO: [VRFC 10-311] analyzing module Dividers_xbip_pipe_v3_0_6_viv__parameterized19_46
INFO: [VRFC 10-311] analyzing module Dividers_xbip_pipe_v3_0_6_viv__parameterized19_50
INFO: [VRFC 10-311] analyzing module Dividers_xbip_pipe_v3_0_6_viv__parameterized1_0
INFO: [VRFC 10-311] analyzing module Dividers_xbip_pipe_v3_0_6_viv__parameterized1_1
INFO: [VRFC 10-311] analyzing module Dividers_xbip_pipe_v3_0_6_viv__parameterized1_10
INFO: [VRFC 10-311] analyzing module Dividers_xbip_pipe_v3_0_6_viv__parameterized1_11
INFO: [VRFC 10-311] analyzing module Dividers_xbip_pipe_v3_0_6_viv__parameterized1_12
INFO: [VRFC 10-311] analyzing module Dividers_xbip_pipe_v3_0_6_viv__parameterized1_13
INFO: [VRFC 10-311] analyzing module Dividers_xbip_pipe_v3_0_6_viv__parameterized1_14
INFO: [VRFC 10-311] analyzing module Dividers_xbip_pipe_v3_0_6_viv__parameterized1_2
INFO: [VRFC 10-311] analyzing module Dividers_xbip_pipe_v3_0_6_viv__parameterized1_3
INFO: [VRFC 10-311] analyzing module Dividers_xbip_pipe_v3_0_6_viv__parameterized1_54
INFO: [VRFC 10-311] analyzing module Dividers_xbip_pipe_v3_0_6_viv__parameterized1_55
INFO: [VRFC 10-311] analyzing module Dividers_xbip_pipe_v3_0_6_viv__parameterized1_6
INFO: [VRFC 10-311] analyzing module Dividers_xbip_pipe_v3_0_6_viv__parameterized1_7
INFO: [VRFC 10-311] analyzing module Dividers_xbip_pipe_v3_0_6_viv__parameterized1_8
INFO: [VRFC 10-311] analyzing module Dividers_xbip_pipe_v3_0_6_viv__parameterized1_9
INFO: [VRFC 10-311] analyzing module Dividers_xbip_pipe_v3_0_6_viv__parameterized21
INFO: [VRFC 10-311] analyzing module Dividers_xbip_pipe_v3_0_6_viv__parameterized23
INFO: [VRFC 10-311] analyzing module Dividers_xbip_pipe_v3_0_6_viv__parameterized25
INFO: [VRFC 10-311] analyzing module Dividers_xbip_pipe_v3_0_6_viv__parameterized27
INFO: [VRFC 10-311] analyzing module Dividers_xbip_pipe_v3_0_6_viv__parameterized29
INFO: [VRFC 10-311] analyzing module Dividers_xbip_pipe_v3_0_6_viv__parameterized3
INFO: [VRFC 10-311] analyzing module Dividers_xbip_pipe_v3_0_6_viv__parameterized31
INFO: [VRFC 10-311] analyzing module Dividers_xbip_pipe_v3_0_6_viv__parameterized33
INFO: [VRFC 10-311] analyzing module Dividers_xbip_pipe_v3_0_6_viv__parameterized36
INFO: [VRFC 10-311] analyzing module Dividers_xbip_pipe_v3_0_6_viv__parameterized5
INFO: [VRFC 10-311] analyzing module Dividers_xbip_pipe_v3_0_6_viv__parameterized5_52
INFO: [VRFC 10-311] analyzing module Dividers_xbip_pipe_v3_0_6_viv__parameterized7
INFO: [VRFC 10-311] analyzing module Dividers_xbip_pipe_v3_0_6_viv__parameterized9
INFO: [VRFC 10-311] analyzing module Dividers_xbip_pipe_v3_0_6_viv__parameterized9_53
INFO: [VRFC 10-2263] Analyzing Verilog file "C:/Users/mithi/RISV/RISV.gen/sources_1/ip/signed_unsigned_mulh/signed_unsigned_mulh_sim_netlist.v" into library xil_defaultlib
INFO: [VRFC 10-311] analyzing module signed_unsigned_mulh
INFO: [VRFC 10-311] analyzing module signed_unsigned_mulh_mult_gen_v12_0_16
INFO: [VRFC 10-311] analyzing module signed_unsigned_mulh_delay_line__parameterized1
INFO: [VRFC 10-311] analyzing module signed_unsigned_mulh_delay_line__parameterized2
INFO: [VRFC 10-311] analyzing module signed_unsigned_mulh_delay_line__parameterized6
INFO: [VRFC 10-311] analyzing module signed_unsigned_mulh_dsp
INFO: [VRFC 10-311] analyzing module signed_unsigned_mulh_mult_gen_v12_0_16_viv
INFO: [VRFC 10-2263] Analyzing Verilog file "C:/Users/mithi/RISV/RISV.gen/sources_1/ip/unsigned_mulh/unsigned_mulh_sim_netlist.v" into library xil_defaultlib
INFO: [VRFC 10-311] analyzing module unsigned_mulh
INFO: [VRFC 10-311] analyzing module unsigned_mulh_mult_gen_v12_0_16
INFO: [VRFC 10-311] analyzing module unsigned_mulh_delay_line__parameterized1
INFO: [VRFC 10-311] analyzing module unsigned_mulh_delay_line__parameterized2
INFO: [VRFC 10-311] analyzing module unsigned_mulh_delay_line__parameterized6
INFO: [VRFC 10-311] analyzing module unsigned_mulh_dsp
INFO: [VRFC 10-311] analyzing module unsigned_mulh_mult_gen_v12_0_16_viv
INFO: [VRFC 10-2263] Analyzing Verilog file "C:/Users/mithi/RISV/RISV.gen/sources_1/ip/signed_mulh/signed_mulh_sim_netlist.v" into library xil_defaultlib
INFO: [VRFC 10-311] analyzing module signed_mulh
INFO: [VRFC 10-311] analyzing module signed_mulh_mult_gen_v12_0_16
INFO: [VRFC 10-311] analyzing module signed_mulh_delay_line__parameterized1
INFO: [VRFC 10-311] analyzing module signed_mulh_delay_line__parameterized2
INFO: [VRFC 10-311] analyzing module signed_mulh_delay_line__parameterized6
INFO: [VRFC 10-311] analyzing module signed_mulh_dsp
INFO: [VRFC 10-311] analyzing module signed_mulh_mult_gen_v12_0_16_viv
INFO: [VRFC 10-2263] Analyzing Verilog file "C:/Users/mithi/RISV/RISV.gen/sources_1/ip/signed_mul/signed_mul_sim_netlist.v" into library xil_defaultlib
INFO: [VRFC 10-311] analyzing module signed_mul
INFO: [VRFC 10-311] analyzing module signed_mul_mult_gen_v12_0_16
INFO: [VRFC 10-311] analyzing module signed_mul_delay_line__parameterized1
INFO: [VRFC 10-311] analyzing module signed_mul_delay_line__parameterized4
INFO: [VRFC 10-311] analyzing module signed_mul_delay_line__parameterized6
INFO: [VRFC 10-311] analyzing module signed_mul_dsp
INFO: [VRFC 10-311] analyzing module signed_mul_mult_gen_v12_0_16_viv
INFO: [VRFC 10-2263] Analyzing Verilog file "C:/Users/mithi/RISV/RISV.srcs/sources_1/new/IO.v" into library xil_defaultlib
INFO: [VRFC 10-311] analyzing module seg_7
INFO: [VRFC 10-311] analyzing module led_24
INFO: [VRFC 10-311] analyzing module Input_sw
INFO: [VRFC 10-311] analyzing module BPP
INFO: [VRFC 10-311] analyzing module IPCP
INFO: [VRFC 10-311] analyzing module uart_rx
INFO: [VRFC 10-311] analyzing module uart_tx
INFO: [VRFC 10-311] analyzing module UART
INFO: [VRFC 10-311] analyzing module DFPU
INFO: [VRFC 10-2263] Analyzing Verilog file "C:/Users/mithi/RISV/RISV.srcs/sources_1/new/RISCV.v" into library xil_defaultlib
INFO: [VRFC 10-311] analyzing module RISCV
INFO: [VRFC 10-2263] Analyzing Verilog file "C:/Users/mithi/RISV/RISV.srcs/sources_1/new/mem.v" into library xil_defaultlib
INFO: [VRFC 10-311] analyzing module IMEM
INFO: [VRFC 10-2458] undeclared symbol rom_en, assumed default net type wire [C:/Users/mithi/RISV/RISV.srcs/sources_1/new/mem.v:21]
INFO: [VRFC 10-311] analyzing module DMEM
INFO: [VRFC 10-2263] Analyzing Verilog file "C:/Users/mithi/RISV/RISV.srcs/sources_1/new/util.v" into library xil_defaultlib
INFO: [VRFC 10-311] analyzing module REG_FILE
INFO: [VRFC 10-311] analyzing module SRA_SHF
INFO: [VRFC 10-311] analyzing module ALU
INFO: [VRFC 10-311] analyzing module DIV
INFO: [VRFC 10-311] analyzing module MUL
INFO: [VRFC 10-311] analyzing module CMP
INFO: [VRFC 10-311] analyzing module delayTimer
INFO: [VRFC 10-2263] Analyzing Verilog file "C:/Users/mithi/RISV/RISV.srcs/sim_1/new/tb_mul.v" into library xil_defaultlib
INFO: [VRFC 10-311] analyzing module top
INFO: [VRFC 10-2458] undeclared symbol cpu_clk, assumed default net type wire [C:/Users/mithi/RISV/RISV.srcs/sim_1/new/tb_mul.v:90]
INFO: [VRFC 10-2263] Analyzing Verilog file "C:/Users/mithi/RISV/RISV.sim/sim_1/behav/xsim/glbl.v" into library xil_defaultlib
INFO: [VRFC 10-311] analyzing module glbl
WARNING: [VRFC 10-3609] overwriting previous definition of module 'glbl' [C:/Users/mithi/RISV/RISV.sim/sim_1/behav/xsim/glbl.v:6]
